{"D:\\Programs\\assembly_tracker\\app\\admin\\reports\\costs\\page.tsx": {"path":"D:\\Programs\\assembly_tracker\\app\\admin\\reports\\costs\\page.tsx","statementMap":{"0":{"start":{"line":17,"column":25},"end":{"line":17,"column":null}},"1":{"start":{"line":18,"column":20},"end":{"line":18,"column":null}},"2":{"start":{"line":19,"column":18},"end":{"line":19,"column":null}},"3":{"start":{"line":20,"column":19},"end":{"line":20,"column":null}},"4":{"start":{"line":21,"column":22},"end":{"line":21,"column":null}},"5":{"start":{"line":22,"column":18},"end":{"line":22,"column":null}},"6":{"start":{"line":23,"column":21},"end":{"line":23,"column":null}},"7":{"start":{"line":25,"column":17},"end":{"line":25,"column":null}},"8":{"start":{"line":26,"column":15},"end":{"line":26,"column":null}},"9":{"start":{"line":28,"column":4},"end":{"line":28,"column":null}},"10":{"start":{"line":29,"column":4},"end":{"line":29,"column":null}},"11":{"start":{"line":31,"column":106},"end":{"line":39,"column":null}},"12":{"start":{"line":41,"column":30},"end":{"line":41,"column":null}},"13":{"start":{"line":41,"column":76},"end":{"line":41,"column":83}},"14":{"start":{"line":43,"column":4},"end":{"line":187,"column":null}},"15":{"start":{"line":93,"column":32},"end":{"line":124,"column":null}},"16":{"start":{"line":153,"column":40},"end":{"line":160,"column":null}}},"fnMap":{"0":{"name":"CostReportPage","decl":{"start":{"line":14,"column":30},"end":{"line":14,"column":45}},"loc":{"start":{"line":16,"column":3},"end":{"line":189,"column":null}},"line":16},"1":{"name":"(anonymous_1)","decl":{"start":{"line":41,"column":66},"end":{"line":41,"column":67}},"loc":{"start":{"line":41,"column":76},"end":{"line":41,"column":83}},"line":41},"2":{"name":"(anonymous_2)","decl":{"start":{"line":92,"column":62},"end":{"line":92,"column":63}},"loc":{"start":{"line":93,"column":32},"end":{"line":124,"column":null}},"line":93},"3":{"name":"(anonymous_3)","decl":{"start":{"line":152,"column":70},"end":{"line":152,"column":71}},"loc":{"start":{"line":153,"column":40},"end":{"line":160,"column":null}},"line":153}},"branchMap":{"0":{"loc":{"start":{"line":20,"column":19},"end":{"line":20,"column":null}},"type":"binary-expr","locations":[{"start":{"line":20,"column":19},"end":{"line":20,"column":43}},{"start":{"line":20,"column":43},"end":{"line":20,"column":null}}],"line":20},"1":{"loc":{"start":{"line":21,"column":22},"end":{"line":21,"column":null}},"type":"binary-expr","locations":[{"start":{"line":21,"column":22},"end":{"line":21,"column":49}},{"start":{"line":21,"column":49},"end":{"line":21,"column":null}}],"line":21},"2":{"loc":{"start":{"line":22,"column":18},"end":{"line":22,"column":null}},"type":"binary-expr","locations":[{"start":{"line":22,"column":18},"end":{"line":22,"column":41}},{"start":{"line":22,"column":41},"end":{"line":22,"column":null}}],"line":22},"3":{"loc":{"start":{"line":23,"column":21},"end":{"line":23,"column":null}},"type":"binary-expr","locations":[{"start":{"line":23,"column":21},"end":{"line":23,"column":47}},{"start":{"line":23,"column":47},"end":{"line":23,"column":null}}],"line":23},"4":{"loc":{"start":{"line":25,"column":17},"end":{"line":25,"column":null}},"type":"cond-expr","locations":[{"start":{"line":25,"column":27},"end":{"line":25,"column":47}},{"start":{"line":25,"column":47},"end":{"line":25,"column":null}}],"line":25},"5":{"loc":{"start":{"line":26,"column":15},"end":{"line":26,"column":null}},"type":"cond-expr","locations":[{"start":{"line":26,"column":23},"end":{"line":26,"column":41}},{"start":{"line":26,"column":41},"end":{"line":26,"column":null}}],"line":26},"6":{"loc":{"start":{"line":77,"column":13},"end":{"line":133,"column":null}},"type":"binary-expr","locations":[{"start":{"line":77,"column":13},"end":{"line":77,"column":null}},{"start":{"line":78,"column":16},"end":{"line":133,"column":null}}],"line":77},"7":{"loc":{"start":{"line":126,"column":29},"end":{"line":129,"column":null}},"type":"binary-expr","locations":[{"start":{"line":126,"column":29},"end":{"line":126,"column":null}},{"start":{"line":127,"column":32},"end":{"line":129,"column":null}}],"line":126},"8":{"loc":{"start":{"line":151,"column":33},"end":{"line":163,"column":null}},"type":"cond-expr","locations":[{"start":{"line":152,"column":36},"end":{"line":161,"column":null}},{"start":{"line":163,"column":36},"end":{"line":163,"column":null}}],"line":151}},"s":{"0":1,"1":1,"2":1,"3":1,"4":1,"5":1,"6":1,"7":1,"8":1,"9":1,"10":1,"11":1,"12":1,"13":1,"14":1,"15":0,"16":1},"f":{"0":1,"1":1,"2":0,"3":1},"b":{"0":[1,1],"1":[1,1],"2":[1,1],"3":[1,1],"4":[0,1],"5":[0,1],"6":[1,0],"7":[0,0],"8":[1,0]},"meta":{"lastBranch":9,"lastFunction":4,"lastStatement":17,"seen":{"f:14:30:14:45":0,"s:17:25:17:Infinity":0,"s:18:20:18:Infinity":1,"s:19:18:19:Infinity":2,"s:20:19:20:Infinity":3,"b:20:19:20:43:20:43:20:Infinity":0,"s:21:22:21:Infinity":4,"b:21:22:21:49:21:49:21:Infinity":1,"s:22:18:22:Infinity":5,"b:22:18:22:41:22:41:22:Infinity":2,"s:23:21:23:Infinity":6,"b:23:21:23:47:23:47:23:Infinity":3,"s:25:17:25:Infinity":7,"b:25:27:25:47:25:47:25:Infinity":4,"s:26:15:26:Infinity":8,"b:26:23:26:41:26:41:26:Infinity":5,"s:28:4:28:Infinity":9,"s:29:4:29:Infinity":10,"s:31:106:39:Infinity":11,"s:41:30:41:Infinity":12,"f:41:66:41:67":1,"s:41:76:41:83":13,"s:43:4:187:Infinity":14,"b:77:13:77:Infinity:78:16:133:Infinity":6,"f:92:62:92:63":2,"s:93:32:124:Infinity":15,"b:126:29:126:Infinity:127:32:129:Infinity":7,"b:152:36:161:Infinity:163:36:163:Infinity":8,"f:152:70:152:71":3,"s:153:40:160:Infinity":16}}}
,"D:\\Programs\\assembly_tracker\\app\\admin\\reports\\performance\\page.tsx": {"path":"D:\\Programs\\assembly_tracker\\app\\admin\\reports\\performance\\page.tsx","statementMap":{"0":{"start":{"line":12,"column":25},"end":{"line":12,"column":null}},"1":{"start":{"line":13,"column":20},"end":{"line":13,"column":null}},"2":{"start":{"line":14,"column":18},"end":{"line":14,"column":null}},"3":{"start":{"line":15,"column":22},"end":{"line":15,"column":null}},"4":{"start":{"line":16,"column":18},"end":{"line":16,"column":null}},"5":{"start":{"line":17,"column":21},"end":{"line":17,"column":null}},"6":{"start":{"line":19,"column":17},"end":{"line":19,"column":null}},"7":{"start":{"line":20,"column":15},"end":{"line":20,"column":null}},"8":{"start":{"line":23,"column":4},"end":{"line":23,"column":null}},"9":{"start":{"line":24,"column":4},"end":{"line":24,"column":null}},"10":{"start":{"line":26,"column":84},"end":{"line":32,"column":null}},"11":{"start":{"line":35,"column":20},"end":{"line":38,"column":null}},"12":{"start":{"line":35,"column":78},"end":{"line":38,"column":6}},"13":{"start":{"line":41,"column":21},"end":{"line":45,"column":null}},"14":{"start":{"line":41,"column":47},"end":{"line":45,"column":6}},"15":{"start":{"line":47,"column":4},"end":{"line":94,"column":null}},"16":{"start":{"line":79,"column":36},"end":{"line":87,"column":null}}},"fnMap":{"0":{"name":"PerformanceReportPage","decl":{"start":{"line":9,"column":30},"end":{"line":9,"column":52}},"loc":{"start":{"line":11,"column":3},"end":{"line":96,"column":null}},"line":11},"1":{"name":"(anonymous_1)","decl":{"start":{"line":35,"column":56},"end":{"line":35,"column":57}},"loc":{"start":{"line":35,"column":78},"end":{"line":38,"column":6}},"line":35},"2":{"name":"(anonymous_2)","decl":{"start":{"line":41,"column":41},"end":{"line":41,"column":47}},"loc":{"start":{"line":41,"column":47},"end":{"line":45,"column":6}},"line":41},"3":{"name":"(anonymous_3)","decl":{"start":{"line":78,"column":53},"end":{"line":78,"column":54}},"loc":{"start":{"line":79,"column":36},"end":{"line":87,"column":null}},"line":79}},"branchMap":{"0":{"loc":{"start":{"line":15,"column":22},"end":{"line":15,"column":null}},"type":"binary-expr","locations":[{"start":{"line":15,"column":22},"end":{"line":15,"column":49}},{"start":{"line":15,"column":49},"end":{"line":15,"column":null}}],"line":15},"1":{"loc":{"start":{"line":16,"column":18},"end":{"line":16,"column":null}},"type":"binary-expr","locations":[{"start":{"line":16,"column":18},"end":{"line":16,"column":41}},{"start":{"line":16,"column":41},"end":{"line":16,"column":null}}],"line":16},"2":{"loc":{"start":{"line":17,"column":21},"end":{"line":17,"column":null}},"type":"binary-expr","locations":[{"start":{"line":17,"column":21},"end":{"line":17,"column":47}},{"start":{"line":17,"column":47},"end":{"line":17,"column":null}}],"line":17},"3":{"loc":{"start":{"line":19,"column":17},"end":{"line":19,"column":null}},"type":"cond-expr","locations":[{"start":{"line":19,"column":27},"end":{"line":19,"column":47}},{"start":{"line":19,"column":47},"end":{"line":19,"column":null}}],"line":19},"4":{"loc":{"start":{"line":20,"column":15},"end":{"line":20,"column":null}},"type":"cond-expr","locations":[{"start":{"line":20,"column":23},"end":{"line":20,"column":41}},{"start":{"line":20,"column":41},"end":{"line":20,"column":null}}],"line":20}},"s":{"0":1,"1":1,"2":1,"3":1,"4":1,"5":1,"6":1,"7":1,"8":1,"9":1,"10":1,"11":1,"12":1,"13":1,"14":1,"15":1,"16":1},"f":{"0":1,"1":1,"2":1,"3":1},"b":{"0":[1,1],"1":[1,1],"2":[1,1],"3":[0,1],"4":[0,1]},"meta":{"lastBranch":5,"lastFunction":4,"lastStatement":17,"seen":{"f:9:30:9:52":0,"s:12:25:12:Infinity":0,"s:13:20:13:Infinity":1,"s:14:18:14:Infinity":2,"s:15:22:15:Infinity":3,"b:15:22:15:49:15:49:15:Infinity":0,"s:16:18:16:Infinity":4,"b:16:18:16:41:16:41:16:Infinity":1,"s:17:21:17:Infinity":5,"b:17:21:17:47:17:47:17:Infinity":2,"s:19:17:19:Infinity":6,"b:19:27:19:47:19:47:19:Infinity":3,"s:20:15:20:Infinity":7,"b:20:23:20:41:20:41:20:Infinity":4,"s:23:4:23:Infinity":8,"s:24:4:24:Infinity":9,"s:26:84:32:Infinity":10,"s:35:20:38:Infinity":11,"f:35:56:35:57":1,"s:35:78:38:6":12,"s:41:21:45:Infinity":13,"f:41:41:41:47":2,"s:41:47:45:6":14,"s:47:4:94:Infinity":15,"f:78:53:78:54":3,"s:79:36:87:Infinity":16}}}
,"D:\\Programs\\assembly_tracker\\components\\excel-download-button.tsx": {"path":"D:\\Programs\\assembly_tracker\\components\\excel-download-button.tsx","statementMap":{"0":{"start":{"line":23,"column":40},"end":{"line":23,"column":null}},"1":{"start":{"line":25,"column":27},"end":{"line":69,"column":null}},"2":{"start":{"line":26,"column":8},"end":{"line":68,"column":null}},"3":{"start":{"line":27,"column":12},"end":{"line":27,"column":null}},"4":{"start":{"line":29,"column":22},"end":{"line":29,"column":null}},"5":{"start":{"line":30,"column":27},"end":{"line":30,"column":null}},"6":{"start":{"line":32,"column":12},"end":{"line":38,"column":null}},"7":{"start":{"line":33,"column":16},"end":{"line":33,"column":null}},"8":{"start":{"line":34,"column":12},"end":{"line":38,"column":null}},"9":{"start":{"line":35,"column":16},"end":{"line":35,"column":null}},"10":{"start":{"line":36,"column":12},"end":{"line":38,"column":null}},"11":{"start":{"line":37,"column":16},"end":{"line":37,"column":null}},"12":{"start":{"line":40,"column":29},"end":{"line":40,"column":null}},"13":{"start":{"line":41,"column":12},"end":{"line":43,"column":null}},"14":{"start":{"line":42,"column":16},"end":{"line":42,"column":null}},"15":{"start":{"line":45,"column":25},"end":{"line":45,"column":null}},"16":{"start":{"line":48,"column":83},"end":{"line":48,"column":null}},"17":{"start":{"line":50,"column":12},"end":{"line":56,"column":null}},"18":{"start":{"line":51,"column":16},"end":{"line":51,"column":null}},"19":{"start":{"line":52,"column":12},"end":{"line":56,"column":null}},"20":{"start":{"line":53,"column":16},"end":{"line":53,"column":null}},"21":{"start":{"line":54,"column":12},"end":{"line":56,"column":null}},"22":{"start":{"line":55,"column":16},"end":{"line":55,"column":null}},"23":{"start":{"line":58,"column":12},"end":{"line":60,"column":null}},"24":{"start":{"line":62,"column":12},"end":{"line":62,"column":null}},"25":{"start":{"line":63,"column":12},"end":{"line":65,"column":null}},"26":{"start":{"line":67,"column":12},"end":{"line":67,"column":null}},"27":{"start":{"line":71,"column":4},"end":{"line":75,"column":null}}},"fnMap":{"0":{"name":"ExcelDownloadButton","decl":{"start":{"line":16,"column":16},"end":{"line":16,"column":36}},"loc":{"start":{"line":22,"column":29},"end":{"line":77,"column":null}},"line":22},"1":{"name":"(anonymous_1)","decl":{"start":{"line":25,"column":27},"end":{"line":25,"column":39}},"loc":{"start":{"line":25,"column":39},"end":{"line":69,"column":null}},"line":25}},"branchMap":{"0":{"loc":{"start":{"line":17,"column":4},"end":{"line":17,"column":null}},"type":"default-arg","locations":[{"start":{"line":17,"column":14},"end":{"line":17,"column":null}}],"line":17},"1":{"loc":{"start":{"line":18,"column":4},"end":{"line":18,"column":null}},"type":"default-arg","locations":[{"start":{"line":18,"column":11},"end":{"line":18,"column":null}}],"line":18},"2":{"loc":{"start":{"line":21,"column":4},"end":{"line":21,"column":null}},"type":"default-arg","locations":[{"start":{"line":21,"column":14},"end":{"line":21,"column":null}}],"line":21},"3":{"loc":{"start":{"line":32,"column":12},"end":{"line":38,"column":null}},"type":"if","locations":[{"start":{"line":32,"column":12},"end":{"line":38,"column":null}},{"start":{"line":34,"column":12},"end":{"line":38,"column":null}}],"line":32},"4":{"loc":{"start":{"line":32,"column":16},"end":{"line":32,"column":41}},"type":"binary-expr","locations":[{"start":{"line":32,"column":16},"end":{"line":32,"column":34}},{"start":{"line":32,"column":34},"end":{"line":32,"column":41}}],"line":32},"5":{"loc":{"start":{"line":34,"column":12},"end":{"line":38,"column":null}},"type":"if","locations":[{"start":{"line":34,"column":12},"end":{"line":38,"column":null}},{"start":{"line":36,"column":12},"end":{"line":38,"column":null}}],"line":34},"6":{"loc":{"start":{"line":36,"column":12},"end":{"line":38,"column":null}},"type":"if","locations":[{"start":{"line":36,"column":12},"end":{"line":38,"column":null}},{"start":{},"end":{}}],"line":36},"7":{"loc":{"start":{"line":41,"column":12},"end":{"line":43,"column":null}},"type":"if","locations":[{"start":{"line":41,"column":12},"end":{"line":43,"column":null}},{"start":{},"end":{}}],"line":41},"8":{"loc":{"start":{"line":50,"column":12},"end":{"line":56,"column":null}},"type":"if","locations":[{"start":{"line":50,"column":12},"end":{"line":56,"column":null}},{"start":{"line":52,"column":12},"end":{"line":56,"column":null}}],"line":50},"9":{"loc":{"start":{"line":52,"column":12},"end":{"line":56,"column":null}},"type":"if","locations":[{"start":{"line":52,"column":12},"end":{"line":56,"column":null}},{"start":{"line":54,"column":12},"end":{"line":56,"column":null}}],"line":52},"10":{"loc":{"start":{"line":54,"column":12},"end":{"line":56,"column":null}},"type":"if","locations":[{"start":{"line":54,"column":12},"end":{"line":56,"column":null}},{"start":{},"end":{}}],"line":54},"11":{"loc":{"start":{"line":74,"column":13},"end":{"line":74,"column":null}},"type":"cond-expr","locations":[{"start":{"line":74,"column":28},"end":{"line":74,"column":49}},{"start":{"line":74,"column":49},"end":{"line":74,"column":null}}],"line":74}},"s":{"0":1,"1":1,"2":0,"3":0,"4":0,"5":0,"6":0,"7":0,"8":0,"9":0,"10":0,"11":0,"12":0,"13":0,"14":0,"15":0,"16":0,"17":0,"18":0,"19":0,"20":0,"21":0,"22":0,"23":0,"24":0,"25":0,"26":0,"27":1},"f":{"0":1,"1":0},"b":{"0":[1],"1":[1],"2":[1],"3":[0,0],"4":[0,0],"5":[0,0],"6":[0,0],"7":[0,0],"8":[0,0],"9":[0,0],"10":[0,0],"11":[0,1]},"meta":{"lastBranch":12,"lastFunction":2,"lastStatement":28,"seen":{"f:16:16:16:36":0,"b:17:14:17:Infinity":0,"b:18:11:18:Infinity":1,"b:21:14:21:Infinity":2,"s:23:40:23:Infinity":0,"s:25:27:69:Infinity":1,"f:25:27:25:39":1,"s:26:8:68:Infinity":2,"s:27:12:27:Infinity":3,"s:29:22:29:Infinity":4,"s:30:27:30:Infinity":5,"b:32:12:38:Infinity:34:12:38:Infinity":3,"s:32:12:38:Infinity":6,"b:32:16:32:34:32:34:32:41":4,"s:33:16:33:Infinity":7,"b:34:12:38:Infinity:36:12:38:Infinity":5,"s:34:12:38:Infinity":8,"s:35:16:35:Infinity":9,"b:36:12:38:Infinity:undefined:undefined:undefined:undefined":6,"s:36:12:38:Infinity":10,"s:37:16:37:Infinity":11,"s:40:29:40:Infinity":12,"b:41:12:43:Infinity:undefined:undefined:undefined:undefined":7,"s:41:12:43:Infinity":13,"s:42:16:42:Infinity":14,"s:45:25:45:Infinity":15,"s:48:83:48:Infinity":16,"b:50:12:56:Infinity:52:12:56:Infinity":8,"s:50:12:56:Infinity":17,"s:51:16:51:Infinity":18,"b:52:12:56:Infinity:54:12:56:Infinity":9,"s:52:12:56:Infinity":19,"s:53:16:53:Infinity":20,"b:54:12:56:Infinity:undefined:undefined:undefined:undefined":10,"s:54:12:56:Infinity":21,"s:55:16:55:Infinity":22,"s:58:12:60:Infinity":23,"s:62:12:62:Infinity":24,"s:63:12:65:Infinity":25,"s:67:12:67:Infinity":26,"s:71:4:75:Infinity":27,"b:74:28:74:49:74:49:74:Infinity":11}}}
,"D:\\Programs\\assembly_tracker\\components\\pdf-download-button.tsx": {"path":"D:\\Programs\\assembly_tracker\\components\\pdf-download-button.tsx","statementMap":{"0":{"start":{"line":24,"column":40},"end":{"line":24,"column":null}},"1":{"start":{"line":26,"column":27},"end":{"line":68,"column":null}},"2":{"start":{"line":27,"column":8},"end":{"line":67,"column":null}},"3":{"start":{"line":28,"column":12},"end":{"line":28,"column":null}},"4":{"start":{"line":30,"column":22},"end":{"line":30,"column":null}},"5":{"start":{"line":31,"column":27},"end":{"line":31,"column":null}},"6":{"start":{"line":33,"column":12},"end":{"line":37,"column":null}},"7":{"start":{"line":34,"column":16},"end":{"line":34,"column":null}},"8":{"start":{"line":35,"column":12},"end":{"line":37,"column":null}},"9":{"start":{"line":36,"column":16},"end":{"line":36,"column":null}},"10":{"start":{"line":39,"column":12},"end":{"line":39,"column":null}},"11":{"start":{"line":39,"column":22},"end":{"line":39,"column":null}},"12":{"start":{"line":41,"column":29},"end":{"line":41,"column":null}},"13":{"start":{"line":42,"column":12},"end":{"line":44,"column":null}},"14":{"start":{"line":43,"column":16},"end":{"line":43,"column":null}},"15":{"start":{"line":46,"column":25},"end":{"line":46,"column":null}},"16":{"start":{"line":49,"column":62},"end":{"line":49,"column":null}},"17":{"start":{"line":51,"column":12},"end":{"line":55,"column":null}},"18":{"start":{"line":52,"column":16},"end":{"line":52,"column":null}},"19":{"start":{"line":53,"column":12},"end":{"line":55,"column":null}},"20":{"start":{"line":54,"column":16},"end":{"line":54,"column":null}},"21":{"start":{"line":57,"column":12},"end":{"line":59,"column":null}},"22":{"start":{"line":61,"column":12},"end":{"line":61,"column":null}},"23":{"start":{"line":62,"column":12},"end":{"line":64,"column":null}},"24":{"start":{"line":66,"column":12},"end":{"line":66,"column":null}},"25":{"start":{"line":70,"column":4},"end":{"line":79,"column":null}}},"fnMap":{"0":{"name":"PDFDownloadButton","decl":{"start":{"line":17,"column":16},"end":{"line":17,"column":34}},"loc":{"start":{"line":23,"column":27},"end":{"line":81,"column":null}},"line":23},"1":{"name":"(anonymous_1)","decl":{"start":{"line":26,"column":27},"end":{"line":26,"column":39}},"loc":{"start":{"line":26,"column":39},"end":{"line":68,"column":null}},"line":26}},"branchMap":{"0":{"loc":{"start":{"line":19,"column":4},"end":{"line":19,"column":null}},"type":"default-arg","locations":[{"start":{"line":19,"column":11},"end":{"line":19,"column":null}}],"line":19},"1":{"loc":{"start":{"line":20,"column":4},"end":{"line":20,"column":null}},"type":"default-arg","locations":[{"start":{"line":20,"column":14},"end":{"line":20,"column":null}}],"line":20},"2":{"loc":{"start":{"line":21,"column":4},"end":{"line":21,"column":null}},"type":"default-arg","locations":[{"start":{"line":21,"column":14},"end":{"line":21,"column":null}}],"line":21},"3":{"loc":{"start":{"line":22,"column":4},"end":{"line":22,"column":null}},"type":"default-arg","locations":[{"start":{"line":22,"column":11},"end":{"line":22,"column":null}}],"line":22},"4":{"loc":{"start":{"line":33,"column":12},"end":{"line":37,"column":null}},"type":"if","locations":[{"start":{"line":33,"column":12},"end":{"line":37,"column":null}},{"start":{"line":35,"column":12},"end":{"line":37,"column":null}}],"line":33},"5":{"loc":{"start":{"line":33,"column":16},"end":{"line":33,"column":41}},"type":"binary-expr","locations":[{"start":{"line":33,"column":16},"end":{"line":33,"column":34}},{"start":{"line":33,"column":34},"end":{"line":33,"column":41}}],"line":33},"6":{"loc":{"start":{"line":35,"column":12},"end":{"line":37,"column":null}},"type":"if","locations":[{"start":{"line":35,"column":12},"end":{"line":37,"column":null}},{"start":{},"end":{}}],"line":35},"7":{"loc":{"start":{"line":39,"column":12},"end":{"line":39,"column":null}},"type":"if","locations":[{"start":{"line":39,"column":12},"end":{"line":39,"column":null}},{"start":{},"end":{}}],"line":39},"8":{"loc":{"start":{"line":42,"column":12},"end":{"line":44,"column":null}},"type":"if","locations":[{"start":{"line":42,"column":12},"end":{"line":44,"column":null}},{"start":{},"end":{}}],"line":42},"9":{"loc":{"start":{"line":51,"column":12},"end":{"line":55,"column":null}},"type":"if","locations":[{"start":{"line":51,"column":12},"end":{"line":55,"column":null}},{"start":{"line":53,"column":12},"end":{"line":55,"column":null}}],"line":51},"10":{"loc":{"start":{"line":53,"column":12},"end":{"line":55,"column":null}},"type":"if","locations":[{"start":{"line":53,"column":12},"end":{"line":55,"column":null}},{"start":{},"end":{}}],"line":53},"11":{"loc":{"start":{"line":78,"column":13},"end":{"line":78,"column":null}},"type":"cond-expr","locations":[{"start":{"line":78,"column":28},"end":{"line":78,"column":49}},{"start":{"line":78,"column":49},"end":{"line":78,"column":null}}],"line":78}},"s":{"0":1,"1":1,"2":0,"3":0,"4":0,"5":0,"6":0,"7":0,"8":0,"9":0,"10":0,"11":0,"12":0,"13":0,"14":0,"15":0,"16":0,"17":0,"18":0,"19":0,"20":0,"21":0,"22":0,"23":0,"24":0,"25":1},"f":{"0":1,"1":0},"b":{"0":[1],"1":[1],"2":[1],"3":[1],"4":[0,0],"5":[0,0],"6":[0,0],"7":[0,0],"8":[0,0],"9":[0,0],"10":[0,0],"11":[0,1]},"meta":{"lastBranch":12,"lastFunction":2,"lastStatement":26,"seen":{"f:17:16:17:34":0,"b:19:11:19:Infinity":0,"b:20:14:20:Infinity":1,"b:21:14:21:Infinity":2,"b:22:11:22:Infinity":3,"s:24:40:24:Infinity":0,"s:26:27:68:Infinity":1,"f:26:27:26:39":1,"s:27:8:67:Infinity":2,"s:28:12:28:Infinity":3,"s:30:22:30:Infinity":4,"s:31:27:31:Infinity":5,"b:33:12:37:Infinity:35:12:37:Infinity":4,"s:33:12:37:Infinity":6,"b:33:16:33:34:33:34:33:41":5,"s:34:16:34:Infinity":7,"b:35:12:37:Infinity:undefined:undefined:undefined:undefined":6,"s:35:12:37:Infinity":8,"s:36:16:36:Infinity":9,"b:39:12:39:Infinity:undefined:undefined:undefined:undefined":7,"s:39:12:39:Infinity":10,"s:39:22:39:Infinity":11,"s:41:29:41:Infinity":12,"b:42:12:44:Infinity:undefined:undefined:undefined:undefined":8,"s:42:12:44:Infinity":13,"s:43:16:43:Infinity":14,"s:46:25:46:Infinity":15,"s:49:62:49:Infinity":16,"b:51:12:55:Infinity:53:12:55:Infinity":9,"s:51:12:55:Infinity":17,"s:52:16:52:Infinity":18,"b:53:12:55:Infinity:undefined:undefined:undefined:undefined":10,"s:53:12:55:Infinity":19,"s:54:16:54:Infinity":20,"s:57:12:59:Infinity":21,"s:61:12:61:Infinity":22,"s:62:12:64:Infinity":23,"s:66:12:66:Infinity":24,"s:70:4:79:Infinity":25,"b:78:28:78:49:78:49:78:Infinity":11}}}
,"D:\\Programs\\assembly_tracker\\components\\admin\\reports\\KPICards.tsx": {"path":"D:\\Programs\\assembly_tracker\\components\\admin\\reports\\KPICards.tsx","statementMap":{"0":{"start":{"line":16,"column":27},"end":{"line":21,"column":null}},"1":{"start":{"line":17,"column":8},"end":{"line":20,"column":null}},"2":{"start":{"line":23,"column":4},"end":{"line":61,"column":null}}},"fnMap":{"0":{"name":"KPICards","decl":{"start":{"line":15,"column":24},"end":{"line":15,"column":33}},"loc":{"start":{"line":15,"column":59},"end":{"line":63,"column":null}},"line":15},"1":{"name":"(anonymous_1)","decl":{"start":{"line":16,"column":27},"end":{"line":16,"column":28}},"loc":{"start":{"line":16,"column":47},"end":{"line":21,"column":null}},"line":16}},"branchMap":{},"s":{"0":6,"1":6,"2":6},"f":{"0":6,"1":6},"b":{},"meta":{"lastBranch":0,"lastFunction":2,"lastStatement":3,"seen":{"f:15:24:15:33":0,"s:16:27:21:Infinity":0,"f:16:27:16:28":1,"s:17:8:20:Infinity":1,"s:23:4:61:Infinity":2}}}
,"D:\\Programs\\assembly_tracker\\components\\admin\\reports\\ReportFilters.tsx": {"path":"D:\\Programs\\assembly_tracker\\components\\admin\\reports\\ReportFilters.tsx","statementMap":{"0":{"start":{"line":21,"column":10},"end":{"line":21,"column":null}},"1":{"start":{"line":22,"column":10},"end":{"line":22,"column":null}},"2":{"start":{"line":24,"column":10},"end":{"line":28,"column":null}},"3":{"start":{"line":25,"column":21},"end":{"line":25,"column":null}},"4":{"start":{"line":26,"column":19},"end":{"line":26,"column":null}},"5":{"start":{"line":27,"column":8},"end":{"line":27,"column":null}},"6":{"start":{"line":30,"column":22},"end":{"line":30,"column":null}},"7":{"start":{"line":31,"column":26},"end":{"line":31,"column":null}},"8":{"start":{"line":32,"column":29},"end":{"line":32,"column":null}},"9":{"start":{"line":34,"column":26},"end":{"line":51,"column":null}},"10":{"start":{"line":35,"column":23},"end":{"line":35,"column":null}},"11":{"start":{"line":37,"column":8},"end":{"line":48,"column":null}},"12":{"start":{"line":38,"column":12},"end":{"line":47,"column":null}},"13":{"start":{"line":39,"column":30},"end":{"line":39,"column":null}},"14":{"start":{"line":40,"column":16},"end":{"line":41,"column":null}},"15":{"start":{"line":40,"column":33},"end":{"line":40,"column":null}},"16":{"start":{"line":41,"column":21},"end":{"line":41,"column":null}},"17":{"start":{"line":42,"column":16},"end":{"line":43,"column":null}},"18":{"start":{"line":42,"column":31},"end":{"line":42,"column":null}},"19":{"start":{"line":43,"column":21},"end":{"line":43,"column":null}},"20":{"start":{"line":45,"column":16},"end":{"line":46,"column":null}},"21":{"start":{"line":45,"column":46},"end":{"line":45,"column":null}},"22":{"start":{"line":46,"column":21},"end":{"line":46,"column":null}},"23":{"start":{"line":50,"column":8},"end":{"line":50,"column":null}},"24":{"start":{"line":53,"column":4},"end":{"line":123,"column":null}},"25":{"start":{"line":82,"column":47},"end":{"line":82,"column":null}},"26":{"start":{"line":88,"column":62},"end":{"line":88,"column":null}},"27":{"start":{"line":100,"column":66},"end":{"line":100,"column":null}},"28":{"start":{"line":107,"column":24},"end":{"line":107,"column":null}},"29":{"start":{"line":112,"column":69},"end":{"line":112,"column":null}},"30":{"start":{"line":119,"column":24},"end":{"line":119,"column":null}}},"fnMap":{"0":{"name":"ReportFilters","decl":{"start":{"line":20,"column":24},"end":{"line":20,"column":38}},"loc":{"start":{"line":20,"column":106},"end":{"line":125,"column":null}},"line":20},"1":{"name":"(anonymous_1)","decl":{"start":{"line":24,"column":18},"end":{"line":24,"column":24}},"loc":{"start":{"line":24,"column":24},"end":{"line":28,"column":7}},"line":24},"2":{"name":"(anonymous_2)","decl":{"start":{"line":34,"column":26},"end":{"line":34,"column":27}},"loc":{"start":{"line":34,"column":87},"end":{"line":51,"column":null}},"line":34},"3":{"name":"(anonymous_3)","decl":{"start":{"line":37,"column":40},"end":{"line":37,"column":41}},"loc":{"start":{"line":37,"column":58},"end":{"line":48,"column":9}},"line":37},"4":{"name":"(anonymous_4)","decl":{"start":{"line":82,"column":34},"end":{"line":82,"column":35}},"loc":{"start":{"line":82,"column":47},"end":{"line":82,"column":null}},"line":82},"5":{"name":"(anonymous_5)","decl":{"start":{"line":88,"column":53},"end":{"line":88,"column":54}},"loc":{"start":{"line":88,"column":62},"end":{"line":88,"column":null}},"line":88},"6":{"name":"(anonymous_6)","decl":{"start":{"line":100,"column":57},"end":{"line":100,"column":58}},"loc":{"start":{"line":100,"column":66},"end":{"line":100,"column":null}},"line":100},"7":{"name":"(anonymous_7)","decl":{"start":{"line":106,"column":30},"end":{"line":106,"column":null}},"loc":{"start":{"line":107,"column":24},"end":{"line":107,"column":null}},"line":107},"8":{"name":"(anonymous_8)","decl":{"start":{"line":112,"column":60},"end":{"line":112,"column":61}},"loc":{"start":{"line":112,"column":69},"end":{"line":112,"column":null}},"line":112},"9":{"name":"(anonymous_9)","decl":{"start":{"line":118,"column":36},"end":{"line":118,"column":null}},"loc":{"start":{"line":119,"column":24},"end":{"line":119,"column":null}},"line":119}},"branchMap":{"0":{"loc":{"start":{"line":20,"column":40},"end":{"line":20,"column":51}},"type":"default-arg","locations":[{"start":{"line":20,"column":47},"end":{"line":20,"column":51}}],"line":20},"1":{"loc":{"start":{"line":20,"column":51},"end":{"line":20,"column":68}},"type":"default-arg","locations":[{"start":{"line":20,"column":64},"end":{"line":20,"column":68}}],"line":20},"2":{"loc":{"start":{"line":27,"column":15},"end":{"line":27,"column":null}},"type":"cond-expr","locations":[{"start":{"line":27,"column":28},"end":{"line":27,"column":73}},{"start":{"line":27,"column":73},"end":{"line":27,"column":null}}],"line":27},"3":{"loc":{"start":{"line":27,"column":15},"end":{"line":27,"column":28}},"type":"binary-expr","locations":[{"start":{"line":27,"column":15},"end":{"line":27,"column":23}},{"start":{"line":27,"column":23},"end":{"line":27,"column":28}}],"line":27},"4":{"loc":{"start":{"line":30,"column":22},"end":{"line":30,"column":null}},"type":"binary-expr","locations":[{"start":{"line":30,"column":22},"end":{"line":30,"column":55}},{"start":{"line":30,"column":55},"end":{"line":30,"column":null}}],"line":30},"5":{"loc":{"start":{"line":31,"column":26},"end":{"line":31,"column":null}},"type":"binary-expr","locations":[{"start":{"line":31,"column":26},"end":{"line":31,"column":55}},{"start":{"line":31,"column":55},"end":{"line":31,"column":null}}],"line":31},"6":{"loc":{"start":{"line":32,"column":29},"end":{"line":32,"column":null}},"type":"binary-expr","locations":[{"start":{"line":32,"column":29},"end":{"line":32,"column":61}},{"start":{"line":32,"column":61},"end":{"line":32,"column":null}}],"line":32},"7":{"loc":{"start":{"line":38,"column":12},"end":{"line":47,"column":null}},"type":"if","locations":[{"start":{"line":38,"column":12},"end":{"line":47,"column":null}},{"start":{"line":44,"column":19},"end":{"line":47,"column":null}}],"line":38},"8":{"loc":{"start":{"line":40,"column":16},"end":{"line":41,"column":null}},"type":"if","locations":[{"start":{"line":40,"column":16},"end":{"line":41,"column":null}},{"start":{"line":41,"column":21},"end":{"line":41,"column":null}}],"line":40},"9":{"loc":{"start":{"line":42,"column":16},"end":{"line":43,"column":null}},"type":"if","locations":[{"start":{"line":42,"column":16},"end":{"line":43,"column":null}},{"start":{"line":43,"column":21},"end":{"line":43,"column":null}}],"line":42},"10":{"loc":{"start":{"line":45,"column":16},"end":{"line":46,"column":null}},"type":"if","locations":[{"start":{"line":45,"column":16},"end":{"line":46,"column":null}},{"start":{"line":46,"column":21},"end":{"line":46,"column":null}}],"line":45},"11":{"loc":{"start":{"line":45,"column":20},"end":{"line":45,"column":46}},"type":"binary-expr","locations":[{"start":{"line":45,"column":20},"end":{"line":45,"column":29}},{"start":{"line":45,"column":29},"end":{"line":45,"column":46}}],"line":45},"12":{"loc":{"start":{"line":61,"column":28},"end":{"line":61,"column":null}},"type":"binary-expr","locations":[{"start":{"line":61,"column":28},"end":{"line":61,"column":37}},{"start":{"line":61,"column":37},"end":{"line":61,"column":null}}],"line":61},"13":{"loc":{"start":{"line":65,"column":25},"end":{"line":72,"column":null}},"type":"cond-expr","locations":[{"start":{"line":66,"column":28},"end":{"line":69,"column":null}},{"start":{"line":72,"column":28},"end":{"line":72,"column":null}}],"line":65},"14":{"loc":{"start":{"line":66,"column":28},"end":{"line":69,"column":null}},"type":"cond-expr","locations":[{"start":{"line":67,"column":32},"end":{"line":67,"column":null}},{"start":{"line":67,"column":97},"end":{"line":69,"column":null}}],"line":66}},"s":{"0":3,"1":3,"2":3,"3":3,"4":3,"5":3,"6":3,"7":3,"8":3,"9":3,"10":0,"11":0,"12":0,"13":0,"14":0,"15":0,"16":0,"17":0,"18":0,"19":0,"20":0,"21":0,"22":0,"23":0,"24":3,"25":0,"26":0,"27":0,"28":0,"29":0,"30":0},"f":{"0":3,"1":3,"2":0,"3":0,"4":0,"5":0,"6":0,"7":0,"8":0,"9":0},"b":{"0":[3],"1":[3],"2":[0,3],"3":[3,0],"4":[3,3],"5":[3,3],"6":[3,3],"7":[0,0],"8":[0,0],"9":[0,0],"10":[0,0],"11":[0,0],"12":[3,3],"13":[0,3],"14":[0,0]},"meta":{"lastBranch":15,"lastFunction":10,"lastStatement":31,"seen":{"f:20:24:20:38":0,"b:20:47:20:51":0,"b:20:64:20:68":1,"s:21:10:21:Infinity":0,"s:22:10:22:Infinity":1,"s:24:10:28:Infinity":2,"f:24:18:24:24":1,"s:25:21:25:Infinity":3,"s:26:19:26:Infinity":4,"s:27:8:27:Infinity":5,"b:27:28:27:73:27:73:27:Infinity":2,"b:27:15:27:23:27:23:27:28":3,"s:30:22:30:Infinity":6,"b:30:22:30:55:30:55:30:Infinity":4,"s:31:26:31:Infinity":7,"b:31:26:31:55:31:55:31:Infinity":5,"s:32:29:32:Infinity":8,"b:32:29:32:61:32:61:32:Infinity":6,"s:34:26:51:Infinity":9,"f:34:26:34:27":2,"s:35:23:35:Infinity":10,"s:37:8:48:Infinity":11,"f:37:40:37:41":3,"b:38:12:47:Infinity:44:19:47:Infinity":7,"s:38:12:47:Infinity":12,"s:39:30:39:Infinity":13,"b:40:16:41:Infinity:41:21:41:Infinity":8,"s:40:16:41:Infinity":14,"s:40:33:40:Infinity":15,"s:41:21:41:Infinity":16,"b:42:16:43:Infinity:43:21:43:Infinity":9,"s:42:16:43:Infinity":17,"s:42:31:42:Infinity":18,"s:43:21:43:Infinity":19,"b:45:16:46:Infinity:46:21:46:Infinity":10,"s:45:16:46:Infinity":20,"b:45:20:45:29:45:29:45:46":11,"s:45:46:45:Infinity":21,"s:46:21:46:Infinity":22,"s:50:8:50:Infinity":23,"s:53:4:123:Infinity":24,"b:61:28:61:37:61:37:61:Infinity":12,"b:66:28:69:Infinity:72:28:72:Infinity":13,"b:67:32:67:Infinity:67:97:69:Infinity":14,"f:82:34:82:35":4,"s:82:47:82:Infinity":25,"f:88:53:88:54":5,"s:88:62:88:Infinity":26,"f:100:57:100:58":6,"s:100:66:100:Infinity":27,"f:106:30:106:Infinity":7,"s:107:24:107:Infinity":28,"f:112:60:112:61":8,"s:112:69:112:Infinity":29,"f:118:36:118:Infinity":9,"s:119:24:119:Infinity":30}}}
,"D:\\Programs\\assembly_tracker\\components\\admin\\reports\\charts\\CostTrendChart.tsx": {"path":"D:\\Programs\\assembly_tracker\\components\\admin\\reports\\charts\\CostTrendChart.tsx","statementMap":{"0":{"start":{"line":12,"column":15},"end":{"line":12,"column":null}},"1":{"start":{"line":15,"column":27},"end":{"line":21,"column":null}},"2":{"start":{"line":16,"column":8},"end":{"line":20,"column":null}},"3":{"start":{"line":23,"column":4},"end":{"line":71,"column":null}},"4":{"start":{"line":40,"column":49},"end":{"line":40,"column":null}},"5":{"start":{"line":41,"column":36},"end":{"line":41,"column":null}},"6":{"start":{"line":49,"column":58},"end":{"line":49,"column":null}},"7":{"start":{"line":52,"column":62},"end":{"line":52,"column":null}},"8":{"start":{"line":53,"column":59},"end":{"line":53,"column":null}},"9":{"start":{"line":57,"column":32},"end":{"line":65,"column":null}}},"fnMap":{"0":{"name":"CostTrendChart","decl":{"start":{"line":14,"column":24},"end":{"line":14,"column":39}},"loc":{"start":{"line":14,"column":122},"end":{"line":73,"column":null}},"line":14},"1":{"name":"(anonymous_1)","decl":{"start":{"line":15,"column":27},"end":{"line":15,"column":28}},"loc":{"start":{"line":15,"column":47},"end":{"line":21,"column":null}},"line":15},"2":{"name":"(anonymous_2)","decl":{"start":{"line":39,"column":47},"end":{"line":39,"column":48}},"loc":{"start":{"line":39,"column":58},"end":{"line":42,"column":null}},"line":39},"3":{"name":"(anonymous_3)","decl":{"start":{"line":49,"column":47},"end":{"line":49,"column":48}},"loc":{"start":{"line":49,"column":58},"end":{"line":49,"column":null}},"line":49},"4":{"name":"(anonymous_4)","decl":{"start":{"line":52,"column":43},"end":{"line":52,"column":44}},"loc":{"start":{"line":52,"column":62},"end":{"line":52,"column":null}},"line":52},"5":{"name":"(anonymous_5)","decl":{"start":{"line":53,"column":48},"end":{"line":53,"column":49}},"loc":{"start":{"line":53,"column":59},"end":{"line":53,"column":null}},"line":53},"6":{"name":"(anonymous_6)","decl":{"start":{"line":56,"column":44},"end":{"line":56,"column":45}},"loc":{"start":{"line":57,"column":32},"end":{"line":65,"column":null}},"line":57}},"branchMap":{"0":{"loc":{"start":{"line":14,"column":59},"end":{"line":14,"column":98}},"type":"default-arg","locations":[{"start":{"line":14,"column":67},"end":{"line":14,"column":98}}],"line":14}},"s":{"0":1,"1":1,"2":0,"3":1,"4":0,"5":0,"6":0,"7":0,"8":0,"9":1},"f":{"0":1,"1":0,"2":0,"3":0,"4":0,"5":0,"6":1},"b":{"0":[1]},"meta":{"lastBranch":1,"lastFunction":7,"lastStatement":10,"seen":{"s:12:15:12:Infinity":0,"f:14:24:14:39":0,"b:14:67:14:98":0,"s:15:27:21:Infinity":1,"f:15:27:15:28":1,"s:16:8:20:Infinity":2,"s:23:4:71:Infinity":3,"f:39:47:39:48":2,"s:40:49:40:Infinity":4,"s:41:36:41:Infinity":5,"f:49:47:49:48":3,"s:49:58:49:Infinity":6,"f:52:43:52:44":4,"s:52:62:52:Infinity":7,"f:53:48:53:49":5,"s:53:59:53:Infinity":8,"f:56:44:56:45":6,"s:57:32:65:Infinity":9}}}
,"D:\\Programs\\assembly_tracker\\components\\admin\\reports\\charts\\JobDistributionChart.tsx": {"path":"D:\\Programs\\assembly_tracker\\components\\admin\\reports\\charts\\JobDistributionChart.tsx","statementMap":{"0":{"start":{"line":10,"column":15},"end":{"line":10,"column":null}},"1":{"start":{"line":13,"column":4},"end":{"line":42,"column":null}},"2":{"start":{"line":33,"column":36},"end":{"line":33,"column":null}}},"fnMap":{"0":{"name":"JobDistributionChart","decl":{"start":{"line":12,"column":24},"end":{"line":12,"column":45}},"loc":{"start":{"line":12,"column":82},"end":{"line":44,"column":null}},"line":12},"1":{"name":"(anonymous_1)","decl":{"start":{"line":32,"column":42},"end":{"line":32,"column":43}},"loc":{"start":{"line":33,"column":36},"end":{"line":33,"column":null}},"line":33}},"branchMap":{},"s":{"0":1,"1":1,"2":2},"f":{"0":1,"1":2},"b":{},"meta":{"lastBranch":0,"lastFunction":2,"lastStatement":3,"seen":{"s:10:15:10:Infinity":0,"f:12:24:12:45":0,"s:13:4:42:Infinity":1,"f:32:42:32:43":1,"s:33:36:33:Infinity":2}}}
,"D:\\Programs\\assembly_tracker\\components\\admin\\reports\\charts\\TeamPerformanceChart.tsx": {"path":"D:\\Programs\\assembly_tracker\\components\\admin\\reports\\charts\\TeamPerformanceChart.tsx","statementMap":{"0":{"start":{"line":11,"column":4},"end":{"line":42,"column":null}}},"fnMap":{"0":{"name":"TeamPerformanceChart","decl":{"start":{"line":10,"column":24},"end":{"line":10,"column":45}},"loc":{"start":{"line":10,"column":82},"end":{"line":44,"column":null}},"line":10}},"branchMap":{},"s":{"0":1},"f":{"0":1},"b":{},"meta":{"lastBranch":0,"lastFunction":1,"lastStatement":1,"seen":{"f:10:24:10:45":0,"s:11:4:42:Infinity":0}}}
,"D:\\Programs\\assembly_tracker\\components\\admin\\reports\\charts\\TotalCostChart.tsx": {"path":"D:\\Programs\\assembly_tracker\\components\\admin\\reports\\charts\\TotalCostChart.tsx","statementMap":{"0":{"start":{"line":11,"column":27},"end":{"line":17,"column":null}},"1":{"start":{"line":12,"column":8},"end":{"line":16,"column":null}},"2":{"start":{"line":19,"column":4},"end":{"line":69,"column":null}},"3":{"start":{"line":42,"column":49},"end":{"line":42,"column":null}},"4":{"start":{"line":43,"column":36},"end":{"line":43,"column":null}},"5":{"start":{"line":51,"column":58},"end":{"line":51,"column":null}},"6":{"start":{"line":54,"column":62},"end":{"line":54,"column":null}},"7":{"start":{"line":55,"column":59},"end":{"line":55,"column":null}}},"fnMap":{"0":{"name":"TotalCostChart","decl":{"start":{"line":10,"column":24},"end":{"line":10,"column":39}},"loc":{"start":{"line":10,"column":70},"end":{"line":71,"column":null}},"line":10},"1":{"name":"(anonymous_1)","decl":{"start":{"line":11,"column":27},"end":{"line":11,"column":28}},"loc":{"start":{"line":11,"column":47},"end":{"line":17,"column":null}},"line":11},"2":{"name":"(anonymous_2)","decl":{"start":{"line":41,"column":47},"end":{"line":41,"column":48}},"loc":{"start":{"line":41,"column":58},"end":{"line":44,"column":null}},"line":41},"3":{"name":"(anonymous_3)","decl":{"start":{"line":51,"column":47},"end":{"line":51,"column":48}},"loc":{"start":{"line":51,"column":58},"end":{"line":51,"column":null}},"line":51},"4":{"name":"(anonymous_4)","decl":{"start":{"line":54,"column":43},"end":{"line":54,"column":44}},"loc":{"start":{"line":54,"column":62},"end":{"line":54,"column":null}},"line":54},"5":{"name":"(anonymous_5)","decl":{"start":{"line":55,"column":48},"end":{"line":55,"column":49}},"loc":{"start":{"line":55,"column":59},"end":{"line":55,"column":null}},"line":55}},"branchMap":{},"s":{"0":1,"1":0,"2":1,"3":0,"4":0,"5":0,"6":0,"7":0},"f":{"0":1,"1":0,"2":0,"3":0,"4":0,"5":0},"b":{},"meta":{"lastBranch":0,"lastFunction":6,"lastStatement":8,"seen":{"f:10:24:10:39":0,"s:11:27:17:Infinity":0,"f:11:27:11:28":1,"s:12:8:16:Infinity":1,"s:19:4:69:Infinity":2,"f:41:47:41:48":2,"s:42:49:42:Infinity":3,"s:43:36:43:Infinity":4,"f:51:47:51:48":3,"s:51:58:51:Infinity":5,"f:54:43:54:44":4,"s:54:62:54:Infinity":6,"f:55:48:55:49":5,"s:55:59:55:Infinity":7}}}
,"D:\\Programs\\assembly_tracker\\components\\ui\\button.tsx": {"path":"D:\\Programs\\assembly_tracker\\components\\ui\\button.tsx","statementMap":{"0":{"start":{"line":6,"column":6},"end":{"line":29,"column":null}},"1":{"start":{"line":38,"column":15},"end":{"line":59,"column":null}},"2":{"start":{"line":40,"column":17},"end":{"line":40,"column":null}},"3":{"start":{"line":42,"column":4},"end":{"line":56,"column":null}},"4":{"start":{"line":60,"column":0},"end":{"line":60,"column":null}}},"fnMap":{"0":{"name":"(anonymous_0)","decl":{"start":{"line":39,"column":2},"end":{"line":39,"column":3}},"loc":{"start":{"line":39,"column":99},"end":{"line":58,"column":null}},"line":39}},"branchMap":{"0":{"loc":{"start":{"line":39,"column":42},"end":{"line":39,"column":59}},"type":"default-arg","locations":[{"start":{"line":39,"column":52},"end":{"line":39,"column":59}}],"line":39},"1":{"loc":{"start":{"line":40,"column":17},"end":{"line":40,"column":null}},"type":"cond-expr","locations":[{"start":{"line":40,"column":27},"end":{"line":40,"column":34}},{"start":{"line":40,"column":34},"end":{"line":40,"column":null}}],"line":40},"2":{"loc":{"start":{"line":46,"column":18},"end":{"line":46,"column":null}},"type":"binary-expr","locations":[{"start":{"line":46,"column":18},"end":{"line":46,"column":30}},{"start":{"line":46,"column":30},"end":{"line":46,"column":null}}],"line":46},"3":{"loc":{"start":{"line":49,"column":9},"end":{"line":53,"column":null}},"type":"binary-expr","locations":[{"start":{"line":49,"column":9},"end":{"line":49,"column":null}},{"start":{"line":50,"column":10},"end":{"line":53,"column":null}}],"line":49}},"s":{"0":3,"1":3,"2":8,"3":8,"4":3},"f":{"0":8},"b":{"0":[8],"1":[0,8],"2":[8,8],"3":[8,0]},"meta":{"lastBranch":4,"lastFunction":1,"lastStatement":5,"seen":{"s:6:6:29:Infinity":0,"s:38:15:59:Infinity":1,"f:39:2:39:3":0,"b:39:52:39:59":0,"s:40:17:40:Infinity":2,"b:40:27:40:34:40:34:40:Infinity":1,"s:42:4:56:Infinity":3,"b:46:18:46:30:46:30:46:Infinity":2,"b:49:9:49:Infinity:50:10:53:Infinity":3,"s:60:0:60:Infinity":4}}}
,"D:\\Programs\\assembly_tracker\\components\\ui\\calendar.tsx": {"path":"D:\\Programs\\assembly_tracker\\components\\ui\\calendar.tsx","statementMap":{"0":{"start":{"line":18,"column":4},"end":{"line":61,"column":null}},"1":{"start":{"line":57,"column":44},"end":{"line":57,"column":null}},"2":{"start":{"line":58,"column":45},"end":{"line":58,"column":null}},"3":{"start":{"line":64,"column":0},"end":{"line":64,"column":null}}},"fnMap":{"0":{"name":"Calendar","decl":{"start":{"line":12,"column":9},"end":{"line":12,"column":18}},"loc":{"start":{"line":17,"column":18},"end":{"line":63,"column":null}},"line":17},"1":{"name":"(anonymous_1)","decl":{"start":{"line":57,"column":26},"end":{"line":57,"column":27}},"loc":{"start":{"line":57,"column":44},"end":{"line":57,"column":null}},"line":57},"2":{"name":"(anonymous_2)","decl":{"start":{"line":58,"column":27},"end":{"line":58,"column":28}},"loc":{"start":{"line":58,"column":45},"end":{"line":58,"column":null}},"line":58}},"branchMap":{"0":{"loc":{"start":{"line":15,"column":4},"end":{"line":15,"column":null}},"type":"default-arg","locations":[{"start":{"line":15,"column":22},"end":{"line":15,"column":null}}],"line":15}},"s":{"0":0,"1":0,"2":0,"3":3},"f":{"0":0,"1":0,"2":0},"b":{"0":[0]},"meta":{"lastBranch":1,"lastFunction":3,"lastStatement":4,"seen":{"f:12:9:12:18":0,"b:15:22:15:Infinity":0,"s:18:4:61:Infinity":0,"f:57:26:57:27":1,"s:57:44:57:Infinity":1,"f:58:27:58:28":2,"s:58:45:58:Infinity":2,"s:64:0:64:Infinity":3}}}
,"D:\\Programs\\assembly_tracker\\components\\ui\\card.tsx": {"path":"D:\\Programs\\assembly_tracker\\components\\ui\\card.tsx","statementMap":{"0":{"start":{"line":6,"column":2},"end":{"line":14,"column":null}},"1":{"start":{"line":19,"column":2},"end":{"line":27,"column":null}},"2":{"start":{"line":32,"column":2},"end":{"line":37,"column":null}},"3":{"start":{"line":42,"column":2},"end":{"line":47,"column":null}},"4":{"start":{"line":52,"column":2},"end":{"line":60,"column":null}},"5":{"start":{"line":65,"column":2},"end":{"line":70,"column":null}},"6":{"start":{"line":75,"column":2},"end":{"line":80,"column":null}}},"fnMap":{"0":{"name":"Card","decl":{"start":{"line":5,"column":9},"end":{"line":5,"column":14}},"loc":{"start":{"line":5,"column":68},"end":{"line":16,"column":null}},"line":5},"1":{"name":"CardHeader","decl":{"start":{"line":18,"column":9},"end":{"line":18,"column":20}},"loc":{"start":{"line":18,"column":74},"end":{"line":29,"column":null}},"line":18},"2":{"name":"CardTitle","decl":{"start":{"line":31,"column":9},"end":{"line":31,"column":19}},"loc":{"start":{"line":31,"column":73},"end":{"line":39,"column":null}},"line":31},"3":{"name":"CardDescription","decl":{"start":{"line":41,"column":9},"end":{"line":41,"column":25}},"loc":{"start":{"line":41,"column":79},"end":{"line":49,"column":null}},"line":41},"4":{"name":"CardAction","decl":{"start":{"line":51,"column":9},"end":{"line":51,"column":20}},"loc":{"start":{"line":51,"column":74},"end":{"line":62,"column":null}},"line":51},"5":{"name":"CardContent","decl":{"start":{"line":64,"column":9},"end":{"line":64,"column":21}},"loc":{"start":{"line":64,"column":75},"end":{"line":72,"column":null}},"line":64},"6":{"name":"CardFooter","decl":{"start":{"line":74,"column":9},"end":{"line":74,"column":20}},"loc":{"start":{"line":74,"column":74},"end":{"line":82,"column":null}},"line":74}},"branchMap":{},"s":{"0":31,"1":31,"2":31,"3":0,"4":0,"5":31,"6":0},"f":{"0":31,"1":31,"2":31,"3":0,"4":0,"5":31,"6":0},"b":{},"meta":{"lastBranch":0,"lastFunction":7,"lastStatement":7,"seen":{"f:5:9:5:14":0,"s:6:2:14:Infinity":0,"f:18:9:18:20":1,"s:19:2:27:Infinity":1,"f:31:9:31:19":2,"s:32:2:37:Infinity":2,"f:41:9:41:25":3,"s:42:2:47:Infinity":3,"f:51:9:51:20":4,"s:52:2:60:Infinity":4,"f:64:9:64:21":5,"s:65:2:70:Infinity":5,"f:74:9:74:20":6,"s:75:2:80:Infinity":6}}}
,"D:\\Programs\\assembly_tracker\\components\\ui\\popover.tsx": {"path":"D:\\Programs\\assembly_tracker\\components\\ui\\popover.tsx","statementMap":{"0":{"start":{"line":8,"column":16},"end":{"line":8,"column":null}},"1":{"start":{"line":10,"column":23},"end":{"line":10,"column":null}},"2":{"start":{"line":12,"column":23},"end":{"line":28,"column":null}},"3":{"start":{"line":16,"column":4},"end":{"line":27,"column":null}},"4":{"start":{"line":29,"column":0},"end":{"line":29,"column":null}}},"fnMap":{"0":{"name":"(anonymous_0)","decl":{"start":{"line":15,"column":2},"end":{"line":15,"column":3}},"loc":{"start":{"line":16,"column":4},"end":{"line":27,"column":null}},"line":16}},"branchMap":{"0":{"loc":{"start":{"line":15,"column":16},"end":{"line":15,"column":34}},"type":"default-arg","locations":[{"start":{"line":15,"column":24},"end":{"line":15,"column":34}}],"line":15},"1":{"loc":{"start":{"line":15,"column":34},"end":{"line":15,"column":50}},"type":"default-arg","locations":[{"start":{"line":15,"column":47},"end":{"line":15,"column":50}}],"line":15}},"s":{"0":3,"1":3,"2":3,"3":3,"4":3},"f":{"0":3},"b":{"0":[3],"1":[3]},"meta":{"lastBranch":2,"lastFunction":1,"lastStatement":5,"seen":{"s:8:16:8:Infinity":0,"s:10:23:10:Infinity":1,"s:12:23:28:Infinity":2,"f:15:2:15:3":0,"s:16:4:27:Infinity":3,"b:15:24:15:34":0,"b:15:47:15:50":1,"s:29:0:29:Infinity":4}}}
,"D:\\Programs\\assembly_tracker\\components\\ui\\select.tsx": {"path":"D:\\Programs\\assembly_tracker\\components\\ui\\select.tsx","statementMap":{"0":{"start":{"line":12,"column":2},"end":{"line":12,"column":null}},"1":{"start":{"line":18,"column":2},"end":{"line":18,"column":null}},"2":{"start":{"line":24,"column":2},"end":{"line":24,"column":null}},"3":{"start":{"line":35,"column":2},"end":{"line":49,"column":null}},"4":{"start":{"line":60,"column":2},"end":{"line":86,"column":null}},"5":{"start":{"line":94,"column":2},"end":{"line":99,"column":null}},"6":{"start":{"line":108,"column":2},"end":{"line":123,"column":null}},"7":{"start":{"line":131,"column":2},"end":{"line":136,"column":null}},"8":{"start":{"line":144,"column":2},"end":{"line":154,"column":null}},"9":{"start":{"line":162,"column":2},"end":{"line":172,"column":null}}},"fnMap":{"0":{"name":"Select","decl":{"start":{"line":9,"column":9},"end":{"line":9,"column":16}},"loc":{"start":{"line":11,"column":54},"end":{"line":13,"column":null}},"line":11},"1":{"name":"SelectGroup","decl":{"start":{"line":15,"column":9},"end":{"line":15,"column":21}},"loc":{"start":{"line":17,"column":55},"end":{"line":19,"column":null}},"line":17},"2":{"name":"SelectValue","decl":{"start":{"line":21,"column":9},"end":{"line":21,"column":21}},"loc":{"start":{"line":23,"column":55},"end":{"line":25,"column":null}},"line":23},"3":{"name":"SelectTrigger","decl":{"start":{"line":27,"column":9},"end":{"line":27,"column":23}},"loc":{"start":{"line":34,"column":3},"end":{"line":51,"column":null}},"line":34},"4":{"name":"SelectContent","decl":{"start":{"line":53,"column":9},"end":{"line":53,"column":23}},"loc":{"start":{"line":59,"column":57},"end":{"line":88,"column":null}},"line":59},"5":{"name":"SelectLabel","decl":{"start":{"line":90,"column":9},"end":{"line":90,"column":21}},"loc":{"start":{"line":93,"column":55},"end":{"line":101,"column":null}},"line":93},"6":{"name":"SelectItem","decl":{"start":{"line":103,"column":9},"end":{"line":103,"column":20}},"loc":{"start":{"line":107,"column":54},"end":{"line":125,"column":null}},"line":107},"7":{"name":"SelectSeparator","decl":{"start":{"line":127,"column":9},"end":{"line":127,"column":25}},"loc":{"start":{"line":130,"column":59},"end":{"line":138,"column":null}},"line":130},"8":{"name":"SelectScrollUpButton","decl":{"start":{"line":140,"column":9},"end":{"line":140,"column":30}},"loc":{"start":{"line":143,"column":64},"end":{"line":156,"column":null}},"line":143},"9":{"name":"SelectScrollDownButton","decl":{"start":{"line":158,"column":9},"end":{"line":158,"column":32}},"loc":{"start":{"line":161,"column":66},"end":{"line":174,"column":null}},"line":161}},"branchMap":{"0":{"loc":{"start":{"line":29,"column":2},"end":{"line":29,"column":null}},"type":"default-arg","locations":[{"start":{"line":29,"column":9},"end":{"line":29,"column":null}}],"line":29},"1":{"loc":{"start":{"line":56,"column":2},"end":{"line":56,"column":null}},"type":"default-arg","locations":[{"start":{"line":56,"column":13},"end":{"line":56,"column":null}}],"line":56},"2":{"loc":{"start":{"line":57,"column":2},"end":{"line":57,"column":null}},"type":"default-arg","locations":[{"start":{"line":57,"column":10},"end":{"line":57,"column":null}}],"line":57},"3":{"loc":{"start":{"line":66,"column":10},"end":{"line":67,"column":null}},"type":"binary-expr","locations":[{"start":{"line":66,"column":10},"end":{"line":66,"column":null}},{"start":{"line":67,"column":12},"end":{"line":67,"column":null}}],"line":66},"4":{"loc":{"start":{"line":78,"column":12},"end":{"line":79,"column":null}},"type":"binary-expr","locations":[{"start":{"line":78,"column":12},"end":{"line":78,"column":null}},{"start":{"line":79,"column":14},"end":{"line":79,"column":null}}],"line":78}},"s":{"0":9,"1":0,"2":9,"3":9,"4":9,"5":0,"6":18,"7":0,"8":9,"9":9},"f":{"0":9,"1":0,"2":9,"3":9,"4":9,"5":0,"6":18,"7":0,"8":9,"9":9},"b":{"0":[9],"1":[9],"2":[9],"3":[9,9],"4":[9,9]},"meta":{"lastBranch":5,"lastFunction":10,"lastStatement":10,"seen":{"f:9:9:9:16":0,"s:12:2:12:Infinity":0,"f:15:9:15:21":1,"s:18:2:18:Infinity":1,"f:21:9:21:21":2,"s:24:2:24:Infinity":2,"f:27:9:27:23":3,"b:29:9:29:Infinity":0,"s:35:2:49:Infinity":3,"f:53:9:53:23":4,"b:56:13:56:Infinity":1,"b:57:10:57:Infinity":2,"s:60:2:86:Infinity":4,"b:66:10:66:Infinity:67:12:67:Infinity":3,"b:78:12:78:Infinity:79:14:79:Infinity":4,"f:90:9:90:21":5,"s:94:2:99:Infinity":5,"f:103:9:103:20":6,"s:108:2:123:Infinity":6,"f:127:9:127:25":7,"s:131:2:136:Infinity":7,"f:140:9:140:30":8,"s:144:2:154:Infinity":8,"f:158:9:158:32":9,"s:162:2:172:Infinity":9}}}
,"D:\\Programs\\assembly_tracker\\lib\\excel-generator.ts": {"path":"D:\\Programs\\assembly_tracker\\lib\\excel-generator.ts","statementMap":{"0":{"start":{"line":62,"column":23},"end":{"line":67,"column":null}},"1":{"start":{"line":63,"column":4},"end":{"line":66,"column":null}},"2":{"start":{"line":69,"column":19},"end":{"line":72,"column":null}},"3":{"start":{"line":70,"column":4},"end":{"line":70,"column":null}},"4":{"start":{"line":70,"column":15},"end":{"line":70,"column":null}},"5":{"start":{"line":71,"column":4},"end":{"line":71,"column":null}},"6":{"start":{"line":74,"column":45},"end":{"line":82,"column":null}},"7":{"start":{"line":84,"column":47},"end":{"line":88,"column":null}},"8":{"start":{"line":92,"column":15},"end":{"line":92,"column":null}},"9":{"start":{"line":95,"column":24},"end":{"line":112,"column":null}},"10":{"start":{"line":114,"column":4},"end":{"line":122,"column":null}},"11":{"start":{"line":115,"column":8},"end":{"line":115,"column":null}},"12":{"start":{"line":116,"column":8},"end":{"line":116,"column":null}},"13":{"start":{"line":117,"column":8},"end":{"line":117,"column":null}},"14":{"start":{"line":118,"column":8},"end":{"line":118,"column":null}},"15":{"start":{"line":119,"column":8},"end":{"line":121,"column":null}},"16":{"start":{"line":120,"column":12},"end":{"line":120,"column":null}},"17":{"start":{"line":124,"column":16},"end":{"line":124,"column":null}},"18":{"start":{"line":125,"column":4},"end":{"line":125,"column":null}},"19":{"start":{"line":126,"column":4},"end":{"line":126,"column":null}},"20":{"start":{"line":129,"column":22},"end":{"line":129,"column":null}},"21":{"start":{"line":130,"column":4},"end":{"line":141,"column":null}},"22":{"start":{"line":131,"column":29},"end":{"line":133,"column":null}},"23":{"start":{"line":132,"column":12},"end":{"line":132,"column":null}},"24":{"start":{"line":135,"column":8},"end":{"line":140,"column":null}},"25":{"start":{"line":143,"column":16},"end":{"line":143,"column":null}},"26":{"start":{"line":144,"column":4},"end":{"line":144,"column":null}},"27":{"start":{"line":145,"column":4},"end":{"line":145,"column":null}},"28":{"start":{"line":148,"column":4},"end":{"line":171,"column":null}},"29":{"start":{"line":149,"column":26},"end":{"line":149,"column":null}},"30":{"start":{"line":151,"column":8},"end":{"line":159,"column":null}},"31":{"start":{"line":152,"column":12},"end":{"line":158,"column":null}},"32":{"start":{"line":161,"column":30},"end":{"line":163,"column":null}},"33":{"start":{"line":162,"column":27},"end":{"line":162,"column":50}},"34":{"start":{"line":163,"column":32},"end":{"line":163,"column":48}},"35":{"start":{"line":165,"column":8},"end":{"line":165,"column":null}},"36":{"start":{"line":166,"column":8},"end":{"line":166,"column":null}},"37":{"start":{"line":168,"column":20},"end":{"line":168,"column":null}},"38":{"start":{"line":169,"column":8},"end":{"line":169,"column":null}},"39":{"start":{"line":170,"column":8},"end":{"line":170,"column":null}},"40":{"start":{"line":174,"column":21},"end":{"line":174,"column":null}},"41":{"start":{"line":175,"column":4},"end":{"line":175,"column":null}},"42":{"start":{"line":180,"column":15},"end":{"line":180,"column":null}},"43":{"start":{"line":182,"column":17},"end":{"line":186,"column":null}},"44":{"start":{"line":188,"column":4},"end":{"line":200,"column":null}},"45":{"start":{"line":189,"column":8},"end":{"line":199,"column":null}},"46":{"start":{"line":202,"column":15},"end":{"line":202,"column":null}},"47":{"start":{"line":203,"column":4},"end":{"line":213,"column":null}},"48":{"start":{"line":215,"column":4},"end":{"line":215,"column":null}},"49":{"start":{"line":217,"column":21},"end":{"line":217,"column":null}},"50":{"start":{"line":218,"column":4},"end":{"line":218,"column":null}},"51":{"start":{"line":223,"column":15},"end":{"line":223,"column":null}},"52":{"start":{"line":225,"column":17},"end":{"line":229,"column":null}},"53":{"start":{"line":231,"column":4},"end":{"line":241,"column":null}},"54":{"start":{"line":232,"column":8},"end":{"line":240,"column":null}},"55":{"start":{"line":244,"column":25},"end":{"line":244,"column":null}},"56":{"start":{"line":244,"column":45},"end":{"line":244,"column":67}},"57":{"start":{"line":244,"column":88},"end":{"line":244,"column":104}},"58":{"start":{"line":245,"column":26},"end":{"line":245,"column":null}},"59":{"start":{"line":245,"column":46},"end":{"line":245,"column":69}},"60":{"start":{"line":245,"column":90},"end":{"line":245,"column":106}},"61":{"start":{"line":246,"column":26},"end":{"line":246,"column":null}},"62":{"start":{"line":246,"column":46},"end":{"line":246,"column":69}},"63":{"start":{"line":246,"column":90},"end":{"line":246,"column":106}},"64":{"start":{"line":248,"column":4},"end":{"line":248,"column":null}},"65":{"start":{"line":249,"column":4},"end":{"line":249,"column":null}},"66":{"start":{"line":250,"column":4},"end":{"line":250,"column":null}},"67":{"start":{"line":251,"column":4},"end":{"line":251,"column":null}},"68":{"start":{"line":252,"column":4},"end":{"line":252,"column":null}},"69":{"start":{"line":254,"column":15},"end":{"line":254,"column":null}},"70":{"start":{"line":255,"column":4},"end":{"line":263,"column":null}},"71":{"start":{"line":265,"column":4},"end":{"line":265,"column":null}},"72":{"start":{"line":267,"column":21},"end":{"line":267,"column":null}},"73":{"start":{"line":268,"column":4},"end":{"line":268,"column":null}}},"fnMap":{"0":{"name":"(anonymous_0)","decl":{"start":{"line":62,"column":23},"end":{"line":62,"column":24}},"loc":{"start":{"line":62,"column":51},"end":{"line":67,"column":null}},"line":62},"1":{"name":"(anonymous_1)","decl":{"start":{"line":69,"column":19},"end":{"line":69,"column":20}},"loc":{"start":{"line":69,"column":50},"end":{"line":72,"column":null}},"line":69},"2":{"name":"generateJobExcel","decl":{"start":{"line":91,"column":16},"end":{"line":91,"column":33}},"loc":{"start":{"line":91,"column":51},"end":{"line":176,"column":null}},"line":91},"3":{"name":"(anonymous_3)","decl":{"start":{"line":119,"column":37},"end":{"line":119,"column":38}},"loc":{"start":{"line":119,"column":49},"end":{"line":121,"column":9}},"line":119},"4":{"name":"(anonymous_4)","decl":{"start":{"line":130,"column":26},"end":{"line":130,"column":27}},"loc":{"start":{"line":130,"column":36},"end":{"line":141,"column":5}},"line":130},"5":{"name":"(anonymous_5)","decl":{"start":{"line":131,"column":48},"end":{"line":131,"column":49}},"loc":{"start":{"line":132,"column":12},"end":{"line":132,"column":null}},"line":132},"6":{"name":"(anonymous_6)","decl":{"start":{"line":151,"column":30},"end":{"line":151,"column":31}},"loc":{"start":{"line":151,"column":40},"end":{"line":159,"column":9}},"line":151},"7":{"name":"(anonymous_7)","decl":{"start":{"line":162,"column":20},"end":{"line":162,"column":21}},"loc":{"start":{"line":162,"column":27},"end":{"line":162,"column":50}},"line":162},"8":{"name":"(anonymous_8)","decl":{"start":{"line":163,"column":20},"end":{"line":163,"column":21}},"loc":{"start":{"line":163,"column":32},"end":{"line":163,"column":48}},"line":163},"9":{"name":"generateJobsListExcel","decl":{"start":{"line":179,"column":16},"end":{"line":179,"column":38}},"loc":{"start":{"line":179,"column":59},"end":{"line":219,"column":null}},"line":179},"10":{"name":"(anonymous_10)","decl":{"start":{"line":188,"column":17},"end":{"line":188,"column":18}},"loc":{"start":{"line":188,"column":33},"end":{"line":200,"column":5}},"line":188},"11":{"name":"generateCostExcel","decl":{"start":{"line":222,"column":16},"end":{"line":222,"column":34}},"loc":{"start":{"line":222,"column":53},"end":{"line":269,"column":null}},"line":222},"12":{"name":"(anonymous_12)","decl":{"start":{"line":231,"column":18},"end":{"line":231,"column":19}},"loc":{"start":{"line":231,"column":28},"end":{"line":241,"column":5}},"line":231},"13":{"name":"(anonymous_13)","decl":{"start":{"line":244,"column":38},"end":{"line":244,"column":39}},"loc":{"start":{"line":244,"column":45},"end":{"line":244,"column":67}},"line":244},"14":{"name":"(anonymous_14)","decl":{"start":{"line":244,"column":76},"end":{"line":244,"column":77}},"loc":{"start":{"line":244,"column":88},"end":{"line":244,"column":104}},"line":244},"15":{"name":"(anonymous_15)","decl":{"start":{"line":245,"column":39},"end":{"line":245,"column":40}},"loc":{"start":{"line":245,"column":46},"end":{"line":245,"column":69}},"line":245},"16":{"name":"(anonymous_16)","decl":{"start":{"line":245,"column":78},"end":{"line":245,"column":79}},"loc":{"start":{"line":245,"column":90},"end":{"line":245,"column":106}},"line":245},"17":{"name":"(anonymous_17)","decl":{"start":{"line":246,"column":39},"end":{"line":246,"column":40}},"loc":{"start":{"line":246,"column":46},"end":{"line":246,"column":69}},"line":246},"18":{"name":"(anonymous_18)","decl":{"start":{"line":246,"column":78},"end":{"line":246,"column":79}},"loc":{"start":{"line":246,"column":90},"end":{"line":246,"column":106}},"line":246}},"branchMap":{"0":{"loc":{"start":{"line":70,"column":4},"end":{"line":70,"column":null}},"type":"if","locations":[{"start":{"line":70,"column":4},"end":{"line":70,"column":null}},{"start":{},"end":{}}],"line":70},"1":{"loc":{"start":{"line":100,"column":18},"end":{"line":100,"column":64}},"type":"binary-expr","locations":[{"start":{"line":100,"column":18},"end":{"line":100,"column":50}},{"start":{"line":100,"column":50},"end":{"line":100,"column":64}}],"line":100},"2":{"loc":{"start":{"line":101,"column":20},"end":{"line":101,"column":72}},"type":"binary-expr","locations":[{"start":{"line":101,"column":20},"end":{"line":101,"column":56}},{"start":{"line":101,"column":56},"end":{"line":101,"column":72}}],"line":101},"3":{"loc":{"start":{"line":114,"column":4},"end":{"line":122,"column":null}},"type":"if","locations":[{"start":{"line":114,"column":4},"end":{"line":122,"column":null}},{"start":{},"end":{}}],"line":114},"4":{"loc":{"start":{"line":131,"column":29},"end":{"line":133,"column":null}},"type":"binary-expr","locations":[{"start":{"line":131,"column":29},"end":{"line":133,"column":24}},{"start":{"line":133,"column":24},"end":{"line":133,"column":null}}],"line":131},"5":{"loc":{"start":{"line":132,"column":15},"end":{"line":132,"column":42}},"type":"cond-expr","locations":[{"start":{"line":132,"column":33},"end":{"line":132,"column":39}},{"start":{"line":132,"column":39},"end":{"line":132,"column":42}}],"line":132},"6":{"loc":{"start":{"line":139,"column":12},"end":{"line":139,"column":null}},"type":"cond-expr","locations":[{"start":{"line":139,"column":31},"end":{"line":139,"column":46}},{"start":{"line":139,"column":46},"end":{"line":139,"column":null}}],"line":139},"7":{"loc":{"start":{"line":148,"column":4},"end":{"line":171,"column":null}},"type":"if","locations":[{"start":{"line":148,"column":4},"end":{"line":171,"column":null}},{"start":{},"end":{}}],"line":148},"8":{"loc":{"start":{"line":157,"column":16},"end":{"line":157,"column":null}},"type":"binary-expr","locations":[{"start":{"line":157,"column":16},"end":{"line":157,"column":45}},{"start":{"line":157,"column":45},"end":{"line":157,"column":null}}],"line":157},"9":{"loc":{"start":{"line":192,"column":12},"end":{"line":192,"column":null}},"type":"binary-expr","locations":[{"start":{"line":192,"column":12},"end":{"line":192,"column":40}},{"start":{"line":192,"column":40},"end":{"line":192,"column":null}}],"line":192},"10":{"loc":{"start":{"line":193,"column":12},"end":{"line":193,"column":null}},"type":"binary-expr","locations":[{"start":{"line":193,"column":12},"end":{"line":193,"column":44}},{"start":{"line":193,"column":44},"end":{"line":193,"column":null}}],"line":193},"11":{"loc":{"start":{"line":195,"column":12},"end":{"line":195,"column":null}},"type":"binary-expr","locations":[{"start":{"line":195,"column":12},"end":{"line":195,"column":28}},{"start":{"line":195,"column":28},"end":{"line":195,"column":null}}],"line":195},"12":{"loc":{"start":{"line":238,"column":12},"end":{"line":238,"column":null}},"type":"binary-expr","locations":[{"start":{"line":238,"column":12},"end":{"line":238,"column":41}},{"start":{"line":238,"column":41},"end":{"line":238,"column":null}}],"line":238}},"s":{"0":1,"1":0,"2":1,"3":1,"4":0,"5":1,"6":1,"7":1,"8":0,"9":0,"10":0,"11":0,"12":0,"13":0,"14":0,"15":0,"16":0,"17":0,"18":0,"19":0,"20":0,"21":0,"22":0,"23":0,"24":0,"25":0,"26":0,"27":0,"28":0,"29":0,"30":0,"31":0,"32":0,"33":0,"34":0,"35":0,"36":0,"37":0,"38":0,"39":0,"40":0,"41":0,"42":0,"43":0,"44":0,"45":0,"46":0,"47":0,"48":0,"49":0,"50":0,"51":1,"52":1,"53":1,"54":1,"55":1,"56":1,"57":0,"58":1,"59":1,"60":1,"61":1,"62":1,"63":0,"64":1,"65":1,"66":1,"67":1,"68":1,"69":1,"70":1,"71":1,"72":1,"73":1},"f":{"0":0,"1":1,"2":0,"3":0,"4":0,"5":0,"6":0,"7":0,"8":0,"9":0,"10":0,"11":1,"12":1,"13":1,"14":0,"15":1,"16":1,"17":1,"18":0},"b":{"0":[0,1],"1":[0,0],"2":[0,0],"3":[0,0],"4":[0,0],"5":[0,0],"6":[0,0],"7":[0,0],"8":[0,0],"9":[0,0],"10":[0,0],"11":[0,0],"12":[1,0]},"meta":{"lastBranch":13,"lastFunction":19,"lastStatement":74,"seen":{"s:62:23:67:Infinity":0,"f:62:23:62:24":0,"s:63:4:66:Infinity":1,"s:69:19:72:Infinity":2,"f:69:19:69:20":1,"b:70:4:70:Infinity:undefined:undefined:undefined:undefined":0,"s:70:4:70:Infinity":3,"s:70:15:70:Infinity":4,"s:71:4:71:Infinity":5,"s:74:45:82:Infinity":6,"s:84:47:88:Infinity":7,"f:91:16:91:33":2,"s:92:15:92:Infinity":8,"s:95:24:112:Infinity":9,"b:100:18:100:50:100:50:100:64":1,"b:101:20:101:56:101:56:101:72":2,"b:114:4:122:Infinity:undefined:undefined:undefined:undefined":3,"s:114:4:122:Infinity":10,"s:115:8:115:Infinity":11,"s:116:8:116:Infinity":12,"s:117:8:117:Infinity":13,"s:118:8:118:Infinity":14,"s:119:8:121:Infinity":15,"f:119:37:119:38":3,"s:120:12:120:Infinity":16,"s:124:16:124:Infinity":17,"s:125:4:125:Infinity":18,"s:126:4:126:Infinity":19,"s:129:22:129:Infinity":20,"s:130:4:141:Infinity":21,"f:130:26:130:27":4,"s:131:29:133:Infinity":22,"b:131:29:133:24:133:24:133:Infinity":4,"f:131:48:131:49":5,"s:132:12:132:Infinity":23,"b:132:33:132:39:132:39:132:42":5,"s:135:8:140:Infinity":24,"b:139:31:139:46:139:46:139:Infinity":6,"s:143:16:143:Infinity":25,"s:144:4:144:Infinity":26,"s:145:4:145:Infinity":27,"b:148:4:171:Infinity:undefined:undefined:undefined:undefined":7,"s:148:4:171:Infinity":28,"s:149:26:149:Infinity":29,"s:151:8:159:Infinity":30,"f:151:30:151:31":6,"s:152:12:158:Infinity":31,"b:157:16:157:45:157:45:157:Infinity":8,"s:161:30:163:Infinity":32,"f:162:20:162:21":7,"s:162:27:162:50":33,"f:163:20:163:21":8,"s:163:32:163:48":34,"s:165:8:165:Infinity":35,"s:166:8:166:Infinity":36,"s:168:20:168:Infinity":37,"s:169:8:169:Infinity":38,"s:170:8:170:Infinity":39,"s:174:21:174:Infinity":40,"s:175:4:175:Infinity":41,"f:179:16:179:38":9,"s:180:15:180:Infinity":42,"s:182:17:186:Infinity":43,"s:188:4:200:Infinity":44,"f:188:17:188:18":10,"s:189:8:199:Infinity":45,"b:192:12:192:40:192:40:192:Infinity":9,"b:193:12:193:44:193:44:193:Infinity":10,"b:195:12:195:28:195:28:195:Infinity":11,"s:202:15:202:Infinity":46,"s:203:4:213:Infinity":47,"s:215:4:215:Infinity":48,"s:217:21:217:Infinity":49,"s:218:4:218:Infinity":50,"f:222:16:222:34":11,"s:223:15:223:Infinity":51,"s:225:17:229:Infinity":52,"s:231:4:241:Infinity":53,"f:231:18:231:19":12,"s:232:8:240:Infinity":54,"b:238:12:238:41:238:41:238:Infinity":12,"s:244:25:244:Infinity":55,"f:244:38:244:39":13,"s:244:45:244:67":56,"f:244:76:244:77":14,"s:244:88:244:104":57,"s:245:26:245:Infinity":58,"f:245:39:245:40":15,"s:245:46:245:69":59,"f:245:78:245:79":16,"s:245:90:245:106":60,"s:246:26:246:Infinity":61,"f:246:39:246:40":17,"s:246:46:246:69":62,"f:246:78:246:79":18,"s:246:90:246:106":63,"s:248:4:248:Infinity":64,"s:249:4:249:Infinity":65,"s:250:4:250:Infinity":66,"s:251:4:251:Infinity":67,"s:252:4:252:Infinity":68,"s:254:15:254:Infinity":69,"s:255:4:263:Infinity":70,"s:265:4:265:Infinity":71,"s:267:21:267:Infinity":72,"s:268:4:268:Infinity":73}}}
,"D:\\Programs\\assembly_tracker\\lib\\pdf-generator.ts": {"path":"D:\\Programs\\assembly_tracker\\lib\\pdf-generator.ts","statementMap":{"0":{"start":{"line":51,"column":16},"end":{"line":51,"column":null}},"1":{"start":{"line":54,"column":4},"end":{"line":54,"column":null}},"2":{"start":{"line":56,"column":15},"end":{"line":56,"column":null}},"3":{"start":{"line":59,"column":4},"end":{"line":59,"column":null}},"4":{"start":{"line":60,"column":4},"end":{"line":60,"column":null}},"5":{"start":{"line":61,"column":4},"end":{"line":61,"column":null}},"6":{"start":{"line":63,"column":4},"end":{"line":63,"column":null}},"7":{"start":{"line":64,"column":4},"end":{"line":64,"column":null}},"8":{"start":{"line":65,"column":4},"end":{"line":65,"column":null}},"9":{"start":{"line":66,"column":4},"end":{"line":66,"column":null}},"10":{"start":{"line":68,"column":4},"end":{"line":68,"column":null}},"11":{"start":{"line":71,"column":4},"end":{"line":71,"column":null}},"12":{"start":{"line":72,"column":4},"end":{"line":72,"column":null}},"13":{"start":{"line":73,"column":4},"end":{"line":73,"column":null}},"14":{"start":{"line":74,"column":4},"end":{"line":74,"column":null}},"15":{"start":{"line":76,"column":20},"end":{"line":83,"column":null}},"16":{"start":{"line":85,"column":4},"end":{"line":95,"column":null}},"17":{"start":{"line":97,"column":4},"end":{"line":97,"column":null}},"18":{"start":{"line":100,"column":4},"end":{"line":100,"column":null}},"19":{"start":{"line":101,"column":4},"end":{"line":101,"column":null}},"20":{"start":{"line":102,"column":4},"end":{"line":102,"column":null}},"21":{"start":{"line":104,"column":25},"end":{"line":110,"column":null}},"22":{"start":{"line":112,"column":4},"end":{"line":122,"column":null}},"23":{"start":{"line":124,"column":4},"end":{"line":124,"column":null}},"24":{"start":{"line":127,"column":4},"end":{"line":144,"column":null}},"25":{"start":{"line":128,"column":8},"end":{"line":128,"column":null}},"26":{"start":{"line":129,"column":8},"end":{"line":129,"column":null}},"27":{"start":{"line":130,"column":8},"end":{"line":130,"column":null}},"28":{"start":{"line":132,"column":28},"end":{"line":132,"column":null}},"29":{"start":{"line":132,"column":55},"end":{"line":132,"column":81}},"30":{"start":{"line":134,"column":8},"end":{"line":141,"column":null}},"31":{"start":{"line":143,"column":8},"end":{"line":143,"column":null}},"32":{"start":{"line":147,"column":4},"end":{"line":150,"column":null}},"33":{"start":{"line":148,"column":8},"end":{"line":148,"column":null}},"34":{"start":{"line":149,"column":8},"end":{"line":149,"column":null}},"35":{"start":{"line":153,"column":4},"end":{"line":153,"column":null}},"36":{"start":{"line":154,"column":4},"end":{"line":154,"column":null}},"37":{"start":{"line":155,"column":4},"end":{"line":155,"column":null}},"38":{"start":{"line":157,"column":22},"end":{"line":168,"column":null}},"39":{"start":{"line":158,"column":27},"end":{"line":158,"column":null}},"40":{"start":{"line":159,"column":29},"end":{"line":161,"column":null}},"41":{"start":{"line":160,"column":39},"end":{"line":160,"column":88}},"42":{"start":{"line":163,"column":8},"end":{"line":167,"column":null}},"43":{"start":{"line":170,"column":4},"end":{"line":181,"column":null}},"44":{"start":{"line":183,"column":4},"end":{"line":183,"column":null}},"45":{"start":{"line":186,"column":4},"end":{"line":189,"column":null}},"46":{"start":{"line":187,"column":8},"end":{"line":187,"column":null}},"47":{"start":{"line":188,"column":8},"end":{"line":188,"column":null}},"48":{"start":{"line":192,"column":4},"end":{"line":219,"column":null}},"49":{"start":{"line":193,"column":8},"end":{"line":193,"column":null}},"50":{"start":{"line":194,"column":8},"end":{"line":194,"column":null}},"51":{"start":{"line":195,"column":8},"end":{"line":195,"column":null}},"52":{"start":{"line":197,"column":26},"end":{"line":203,"column":null}},"53":{"start":{"line":197,"column":49},"end":{"line":203,"column":9}},"54":{"start":{"line":205,"column":26},"end":{"line":207,"column":null}},"55":{"start":{"line":206,"column":25},"end":{"line":206,"column":48}},"56":{"start":{"line":207,"column":32},"end":{"line":207,"column":48}},"57":{"start":{"line":209,"column":8},"end":{"line":218,"column":null}},"58":{"start":{"line":222,"column":22},"end":{"line":222,"column":null}},"59":{"start":{"line":223,"column":4},"end":{"line":233,"column":null}},"60":{"start":{"line":223,"column":17},"end":{"line":223,"column":20}},"61":{"start":{"line":224,"column":8},"end":{"line":224,"column":null}},"62":{"start":{"line":225,"column":8},"end":{"line":225,"column":null}},"63":{"start":{"line":226,"column":8},"end":{"line":226,"column":null}},"64":{"start":{"line":227,"column":8},"end":{"line":232,"column":null}},"65":{"start":{"line":236,"column":21},"end":{"line":236,"column":null}},"66":{"start":{"line":239,"column":4},"end":{"line":239,"column":null}},"67":{"start":{"line":251,"column":16},"end":{"line":251,"column":null}},"68":{"start":{"line":254,"column":4},"end":{"line":254,"column":null}},"69":{"start":{"line":256,"column":15},"end":{"line":256,"column":null}},"70":{"start":{"line":259,"column":4},"end":{"line":259,"column":null}},"71":{"start":{"line":260,"column":4},"end":{"line":260,"column":null}},"72":{"start":{"line":261,"column":4},"end":{"line":261,"column":null}},"73":{"start":{"line":263,"column":4},"end":{"line":263,"column":null}},"74":{"start":{"line":264,"column":4},"end":{"line":264,"column":null}},"75":{"start":{"line":265,"column":4},"end":{"line":265,"column":null}},"76":{"start":{"line":266,"column":4},"end":{"line":266,"column":null}},"77":{"start":{"line":268,"column":4},"end":{"line":268,"column":null}},"78":{"start":{"line":270,"column":22},"end":{"line":278,"column":null}},"79":{"start":{"line":270,"column":40},"end":{"line":278,"column":5}},"80":{"start":{"line":280,"column":22},"end":{"line":282,"column":null}},"81":{"start":{"line":281,"column":21},"end":{"line":281,"column":44}},"82":{"start":{"line":282,"column":28},"end":{"line":282,"column":44}},"83":{"start":{"line":284,"column":4},"end":{"line":293,"column":null}},"84":{"start":{"line":296,"column":22},"end":{"line":296,"column":null}},"85":{"start":{"line":297,"column":4},"end":{"line":307,"column":null}},"86":{"start":{"line":297,"column":17},"end":{"line":297,"column":20}},"87":{"start":{"line":298,"column":8},"end":{"line":298,"column":null}},"88":{"start":{"line":299,"column":8},"end":{"line":299,"column":null}},"89":{"start":{"line":300,"column":8},"end":{"line":300,"column":null}},"90":{"start":{"line":301,"column":8},"end":{"line":306,"column":null}},"91":{"start":{"line":309,"column":21},"end":{"line":309,"column":null}},"92":{"start":{"line":310,"column":4},"end":{"line":310,"column":null}}},"fnMap":{"0":{"name":"generateJobPDF","decl":{"start":{"line":50,"column":16},"end":{"line":50,"column":31}},"loc":{"start":{"line":50,"column":52},"end":{"line":240,"column":null}},"line":50},"1":{"name":"(anonymous_1)","decl":{"start":{"line":132,"column":50},"end":{"line":132,"column":55}},"loc":{"start":{"line":132,"column":55},"end":{"line":132,"column":81}},"line":132},"2":{"name":"(anonymous_2)","decl":{"start":{"line":157,"column":37},"end":{"line":157,"column":45}},"loc":{"start":{"line":157,"column":45},"end":{"line":168,"column":5}},"line":157},"3":{"name":"(anonymous_3)","decl":{"start":{"line":160,"column":32},"end":{"line":160,"column":39}},"loc":{"start":{"line":160,"column":39},"end":{"line":160,"column":88}},"line":160},"4":{"name":"(anonymous_4)","decl":{"start":{"line":197,"column":41},"end":{"line":197,"column":49}},"loc":{"start":{"line":197,"column":49},"end":{"line":203,"column":9}},"line":197},"5":{"name":"(anonymous_5)","decl":{"start":{"line":206,"column":20},"end":{"line":206,"column":25}},"loc":{"start":{"line":206,"column":25},"end":{"line":206,"column":48}},"line":206},"6":{"name":"(anonymous_6)","decl":{"start":{"line":207,"column":20},"end":{"line":207,"column":21}},"loc":{"start":{"line":207,"column":32},"end":{"line":207,"column":48}},"line":207},"7":{"name":"generateCostReportPDF","decl":{"start":{"line":242,"column":16},"end":{"line":242,"column":38}},"loc":{"start":{"line":250,"column":4},"end":{"line":311,"column":null}},"line":250},"8":{"name":"(anonymous_8)","decl":{"start":{"line":270,"column":32},"end":{"line":270,"column":40}},"loc":{"start":{"line":270,"column":40},"end":{"line":278,"column":5}},"line":270},"9":{"name":"(anonymous_9)","decl":{"start":{"line":281,"column":16},"end":{"line":281,"column":21}},"loc":{"start":{"line":281,"column":21},"end":{"line":281,"column":44}},"line":281},"10":{"name":"(anonymous_10)","decl":{"start":{"line":282,"column":16},"end":{"line":282,"column":17}},"loc":{"start":{"line":282,"column":28},"end":{"line":282,"column":44}},"line":282}},"branchMap":{"0":{"loc":{"start":{"line":81,"column":28},"end":{"line":81,"column":135}},"type":"cond-expr","locations":[{"start":{"line":81,"column":33},"end":{"line":81,"column":120}},{"start":{"line":81,"column":120},"end":{"line":81,"column":135}}],"line":81},"1":{"loc":{"start":{"line":82,"column":30},"end":{"line":82,"column":125}},"type":"cond-expr","locations":[{"start":{"line":82,"column":35},"end":{"line":82,"column":122}},{"start":{"line":82,"column":122},"end":{"line":82,"column":125}}],"line":82},"2":{"loc":{"start":{"line":127,"column":4},"end":{"line":144,"column":null}},"type":"if","locations":[{"start":{"line":127,"column":4},"end":{"line":144,"column":null}},{"start":{},"end":{}}],"line":127},"3":{"loc":{"start":{"line":147,"column":4},"end":{"line":150,"column":null}},"type":"if","locations":[{"start":{"line":147,"column":4},"end":{"line":150,"column":null}},{"start":{},"end":{}}],"line":147},"4":{"loc":{"start":{"line":158,"column":27},"end":{"line":158,"column":null}},"type":"cond-expr","locations":[{"start":{"line":158,"column":46},"end":{"line":158,"column":63}},{"start":{"line":158,"column":63},"end":{"line":158,"column":null}}],"line":158},"5":{"loc":{"start":{"line":159,"column":29},"end":{"line":161,"column":null}},"type":"cond-expr","locations":[{"start":{"line":160,"column":14},"end":{"line":160,"column":null}},{"start":{"line":161,"column":14},"end":{"line":161,"column":null}}],"line":159},"6":{"loc":{"start":{"line":159,"column":29},"end":{"line":159,"column":null}},"type":"binary-expr","locations":[{"start":{"line":159,"column":29},"end":{"line":159,"column":46}},{"start":{"line":159,"column":46},"end":{"line":159,"column":null}}],"line":159},"7":{"loc":{"start":{"line":160,"column":59},"end":{"line":160,"column":86}},"type":"cond-expr","locations":[{"start":{"line":160,"column":77},"end":{"line":160,"column":83}},{"start":{"line":160,"column":83},"end":{"line":160,"column":86}}],"line":160},"8":{"loc":{"start":{"line":165,"column":26},"end":{"line":165,"column":null}},"type":"cond-expr","locations":[{"start":{"line":165,"column":41},"end":{"line":165,"column":63}},{"start":{"line":165,"column":63},"end":{"line":165,"column":null}}],"line":165},"9":{"loc":{"start":{"line":186,"column":4
[...]
mn":null}},{"start":{"line":79,"column":11},"end":{"line":81,"column":null}}],"line":77},"15":{"loc":{"start":{"line":77,"column":8},"end":{"line":77,"column":36}},"type":"binary-expr","locations":[{"start":{"line":77,"column":8},"end":{"line":77,"column":18}},{"start":{"line":77,"column":18},"end":{"line":77,"column":36}}],"line":77},"16":{"loc":{"start":{"line":83,"column":4},"end":{"line":85,"column":null}},"type":"if","locations":[{"start":{"line":83,"column":4},"end":{"line":85,"column":null}},{"start":{},"end":{}}],"line":83},"17":{"loc":{"start":{"line":83,"column":8},"end":{"line":83,"column":42}},"type":"binary-expr","locations":[{"start":{"line":83,"column":8},"end":{"line":83,"column":21}},{"start":{"line":83,"column":21},"end":{"line":83,"column":42}}],"line":83},"18":{"loc":{"start":{"line":87,"column":4},"end":{"line":89,"column":null}},"type":"if","locations":[{"start":{"line":87,"column":4},"end":{"line":89,"column":null}},{"start":{},"end":{}}],"line":87},"19":{"loc":{"start":{"line":87,"column":8},"end":{"line":87,"column":34}},"type":"binary-expr","locations":[{"start":{"line":87,"column":8},"end":{"line":87,"column":17}},{"start":{"line":87,"column":17},"end":{"line":87,"column":34}}],"line":87},"20":{"loc":{"start":{"line":91,"column":4},"end":{"line":93,"column":null}},"type":"if","locations":[{"start":{"line":91,"column":4},"end":{"line":93,"column":null}},{"start":{},"end":{}}],"line":91},"21":{"loc":{"start":{"line":91,"column":8},"end":{"line":91,"column":40}},"type":"binary-expr","locations":[{"start":{"line":91,"column":8},"end":{"line":91,"column":20}},{"start":{"line":91,"column":20},"end":{"line":91,"column":40}}],"line":91},"22":{"loc":{"start":{"line":103,"column":8},"end":{"line":105,"column":null}},"type":"if","locations":[{"start":{"line":103,"column":8},"end":{"line":105,"column":null}},{"start":{},"end":{}}],"line":103},"23":{"loc":{"start":{"line":103,"column":12},"end":{"line":103,"column":47}},"type":"binary-expr","locations":[{"start":{"line":103,"column":12},"end":{"line":103,"column":29}},{"start":{"line":103,"column":29},"end":{"line":103,"column":47}}],"line":103},"24":{"loc":{"start":{"line":116,"column":4},"end":{"line":117,"column":null}},"type":"if","locations":[{"start":{"line":116,"column":4},"end":{"line":117,"column":null}},{"start":{"line":117,"column":9},"end":{"line":117,"column":null}}],"line":116},"25":{"loc":{"start":{"line":116,"column":8},"end":{"line":116,"column":36}},"type":"binary-expr","locations":[{"start":{"line":116,"column":8},"end":{"line":116,"column":18}},{"start":{"line":116,"column":18},"end":{"line":116,"column":36}}],"line":116},"26":{"loc":{"start":{"line":119,"column":4},"end":{"line":119,"column":null}},"type":"if","locations":[{"start":{"line":119,"column":4},"end":{"line":119,"column":null}},{"start":{},"end":{}}],"line":119},"27":{"loc":{"start":{"line":119,"column":8},"end":{"line":119,"column":42}},"type":"binary-expr","locations":[{"start":{"line":119,"column":8},"end":{"line":119,"column":21}},{"start":{"line":119,"column":21},"end":{"line":119,"column":42}}],"line":119},"28":{"loc":{"start":{"line":120,"column":4},"end":{"line":120,"column":null}},"type":"if","locations":[{"start":{"line":120,"column":4},"end":{"line":120,"column":null}},{"start":{},"end":{}}],"line":120},"29":{"loc":{"start":{"line":120,"column":8},"end":{"line":120,"column":34}},"type":"binary-expr","locations":[{"start":{"line":120,"column":8},"end":{"line":120,"column":17}},{"start":{"line":120,"column":17},"end":{"line":120,"column":34}}],"line":120},"30":{"loc":{"start":{"line":121,"column":4},"end":{"line":121,"column":null}},"type":"if","locations":[{"start":{"line":121,"column":4},"end":{"line":121,"column":null}},{"start":{},"end":{}}],"line":121},"31":{"loc":{"start":{"line":121,"column":8},"end":{"line":121,"column":40}},"type":"binary-expr","locations":[{"start":{"line":121,"column":8},"end":{"line":121,"column":20}},{"start":{"line":121,"column":20},"end":{"line":121,"column":40}}],"line":121},"32":{"loc":{"start":{"line":134,"column":20},"end":{"line":134,"column":null}},"type":"binary-expr","locations":[{"start":{"line":134,"column":20},"end":{"line":134,"column":37}},{"start":{"line":134,"column":37},"end":{"line":134,"column":null}}],"line":134},"33":{"loc":{"start":{"line":137,"column":8},"end":{"line":137,"column":null}},"type":"if","locations":[{"start":{"line":137,"column":8},"end":{"line":137,"column":null}},{"start":{},"end":{}}],"line":137},"34":{"loc":{"start":{"line":138,"column":34},"end":{"line":138,"column":65}},"type":"binary-expr","locations":[{"start":{"line":138,"column":34},"end":{"line":138,"column":60}},{"start":{"line":138,"column":60},"end":{"line":138,"column":65}}],"line":138},"35":{"loc":{"start":{"line":155,"column":4},"end":{"line":156,"column":null}},"type":"if","locations":[{"start":{"line":155,"column":4},"end":{"line":156,"column":null}},{"start":{"line":156,"column":9},"end":{"line":156,"column":null}}],"line":155},"36":{"loc":{"start":{"line":155,"column":8},"end":{"line":155,"column":36}},"type":"binary-expr","locations":[{"start":{"line":155,"column":8},"end":{"line":155,"column":18}},{"start":{"line":155,"column":18},"end":{"line":155,"column":36}}],"line":155},"37":{"loc":{"start":{"line":158,"column":4},"end":{"line":158,"column":null}},"type":"if","locations":[{"start":{"line":158,"column":4},"end":{"line":158,"column":null}},{"start":{},"end":{}}],"line":158},"38":{"loc":{"start":{"line":158,"column":8},"end":{"line":158,"column":42}},"type":"binary-expr","locations":[{"start":{"line":158,"column":8},"end":{"line":158,"column":21}},{"start":{"line":158,"column":21},"end":{"line":158,"column":42}}],"line":158},"39":{"loc":{"start":{"line":159,"column":4},"end":{"line":159,"column":null}},"type":"if","locations":[{"start":{"line":159,"column":4},"end":{"line":159,"column":null}},{"start":{},"end":{}}],"line":159},"40":{"loc":{"start":{"line":159,"column":8},"end":{"line":159,"column":34}},"type":"binary-expr","locations":[{"start":{"line":159,"column":8},"end":{"line":159,"column":17}},{"start":{"line":159,"column":17},"end":{"line":159,"column":34}}],"line":159},"41":{"loc":{"start":{"line":160,"column":4},"end":{"line":160,"column":null}},"type":"if","locations":[{"start":{"line":160,"column":4},"end":{"line":160,"column":null}},{"start":{},"end":{}}],"line":160},"42":{"loc":{"start":{"line":160,"column":8},"end":{"line":160,"column":40}},"type":"binary-expr","locations":[{"start":{"line":160,"column":8},"end":{"line":160,"column":20}},{"start":{"line":160,"column":20},"end":{"line":160,"column":40}}],"line":160},"43":{"loc":{"start":{"line":171,"column":29},"end":{"line":171,"column":55}},"type":"binary-expr","locations":[{"start":{"line":171,"column":29},"end":{"line":171,"column":50}},{"start":{"line":171,"column":50},"end":{"line":171,"column":55}}],"line":171},"44":{"loc":{"start":{"line":186,"column":4},"end":{"line":186,"column":null}},"type":"if","locations":[{"start":{"line":186,"column":4},"end":{"line":186,"column":null}},{"start":{},"end":{}}],"line":186},"45":{"loc":{"start":{"line":186,"column":8},"end":{"line":186,"column":42}},"type":"binary-expr","locations":[{"start":{"line":186,"column":8},"end":{"line":186,"column":21}},{"start":{"line":186,"column":21},"end":{"line":186,"column":42}}],"line":186},"46":{"loc":{"start":{"line":187,"column":4},"end":{"line":187,"column":null}},"type":"if","locations":[{"start":{"line":187,"column":4},"end":{"line":187,"column":null}},{"start":{},"end":{}}],"line":187},"47":{"loc":{"start":{"line":187,"column":8},"end":{"line":187,"column":34}},"type":"binary-expr","locations":[{"start":{"line":187,"column":8},"end":{"line":187,"column":17}},{"start":{"line":187,"column":17},"end":{"line":187,"column":34}}],"line":187},"48":{"loc":{"start":{"line":188,"column":4},"end":{"line":188,"column":null}},"type":"if","locations":[{"start":{"line":188,"column":4},"end":{"line":188,"column":null}},{"start":{},"end":{}}],"line":188},"49":{"loc":{"start":{"line":188,"column":8},"end":{"line":188,"column":40}},"type":"binary-expr","locations":[{"start":{"line":188,"column":8},"end":{"line":188,"column":20}},{"start":{"line":188,"column":20},"end":{"line":188,"column":40}}],"line":188},"50":{"loc":{"start":{"line":223,"column":4},"end":{"line":225,"column":null}},"type":"if","locations":[{"start":{"line":223,"column":4},"end":{"line":225,"column":null}},{"start":{},"end":{}}],"line":223},"51":{"loc":{"start":{"line":223,"column":8},"end":{"line":223,"column":42}},"type":"binary-expr","locations":[{"start":{"line":223,"column":8},"end":{"line":223,"column":21}},{"start":{"line":223,"column":21},"end":{"line":223,"column":42}}],"line":223},"52":{"loc":{"start":{"line":227,"column":4},"end":{"line":229,"column":null}},"type":"if","locations":[{"start":{"line":227,"column":4},"end":{"line":229,"column":null}},{"start":{},"end":{}}],"line":227},"53":{"loc":{"start":{"line":227,"column":8},"end":{"line":227,"column":34}},"type":"binary-expr","locations":[{"start":{"line":227,"column":8},"end":{"line":227,"column":17}},{"start":{"line":227,"column":17},"end":{"line":227,"column":34}}],"line":227},"54":{"loc":{"start":{"line":264,"column":4},"end":{"line":266,"column":null}},"type":"if","locations":[{"start":{"line":264,"column":4},"end":{"line":266,"column":null}},{"start":{},"end":{}}],"line":264},"55":{"loc":{"start":{"line":264,"column":8},"end":{"line":264,"column":42}},"type":"binary-expr","locations":[{"start":{"line":264,"column":8},"end":{"line":264,"column":21}},{"start":{"line":264,"column":21},"end":{"line":264,"column":42}}],"line":264},"56":{"loc":{"start":{"line":268,"column":4},"end":{"line":270,"column":null}},"type":"if","locations":[{"start":{"line":268,"column":4},"end":{"line":270,"column":null}},{"start":{},"end":{}}],"line":268},"57":{"loc":{"start":{"line":268,"column":8},"end":{"line":268,"column":34}},"type":"binary-expr","locations":[{"start":{"line":268,"column":8},"end":{"line":268,"column":17}},{"start":{"line":268,"column":17},"end":{"line":268,"column":34}}],"line":268},"58":{"loc":{"start":{"line":287,"column":8},"end":{"line":300,"column":null}},"type":"if","locations":[{"start":{"line":287,"column":8},"end":{"line":300,"column":null}},{"start":{},"end":{}}],"line":287},"59":{"loc":{"start":{"line":287,"column":12},"end":{"line":287,"column":51}},"type":"binary-expr","locations":[{"start":{"line":287,"column":12},"end":{"line":287,"column":30}},{"start":{"line":287,"column":30},"end":{"line":287,"column":51}}],"line":287},"60":{"loc":{"start":{"line":291,"column":12},"end":{"line":293,"column":null}},"type":"if","locations":[{"start":{"line":291,"column":12},"end":{"line":293,"column":null}},{"start":{},"end":{}}],"line":291},"61":{"loc":{"start":{"line":295,"column":12},"end":{"line":299,"column":null}},"type":"if","locations":[{"start":{"line":295,"column":12},"end":{"line":299,"column":null}},{"start":{},"end":{}}],"line":295},"62":{"loc":{"start":{"line":295,"column":16},"end":{"line":295,"column":52}},"type":"binary-expr","locations":[{"start":{"line":295,"column":16},"end":{"line":295,"column":33}},{"start":{"line":295,"column":33},"end":{"line":295,"column":52}}],"line":295},"63":{"loc":{"start":{"line":306,"column":34},"end":{"line":306,"column":null}},"type":"cond-expr","locations":[{"start":{"line":306,"column":55},"end":{"line":306,"column":89}},{"start":{"line":306,"column":89},"end":{"line":306,"column":null}}],"line":306}},"s":{"0":0,"1":0,"2":0,"3":0,"4":0,"5":0,"6":0,"7":0,"8":0,"9":0,"10":0,"11":0,"12":0,"13":0,"14":0,"15":0,"16":0,"17":0,"18":0,"19":0,"20":0,"21":0,"22":0,"23":0,"24":2,"25":2,"26":1,"27":1,"28":2,"29":0,"30":2,"31":0,"32":2,"33":0,"34":2,"35":2,"36":2,"37":2,"38":2,"39":2,"40":0,"41":0,"42":0,"43":0,"44":0,"45":0,"46":0,"47":0,"48":0,"49":0,"50":0,"51":0,"52":0,"53":0,"54":0,"55":0,"56":0,"57":0,"58":0,"59":0,"60":0,"61":0,"62":0,"63":0,"64":0,"65":0,"66":0,"67":0,"68":0,"69":0,"70":0,"71":0,"72":0,"73":0,"74":0,"75":0,"76":0,"77":0,"78":0,"79":0,"80":0,"81":0,"82":0,"83":0,"84":0,"85":0,"86":0,"87":0,"88":0,"89":0,"90":0,"91":0,"92":0,"93":1,"94":1,"95":0,"96":1,"97":0,"98":1,"99":1,"100":1,"101":3,"102":1,"103":1,"104":1,"105":0,"106":1,"107":0,"108":1,"109":1,"110":1,"111":2,"112":2,"113":2,"114":2,"115":2,"116":2,"117":1,"118":2,"119":2,"120":2,"121":2,"122":1,"123":1},"f":{"0":0,"1":0,"2":0,"3":0,"4":0,"5":2,"6":2,"7":0,"8":0,"9":0,"10":0,"11":0,"12":0,"13":0,"14":0,"15":0,"16":0,"17":1,"18":3,"19":1,"20":2,"21":2,"22":1},"b":{"0":[0,0],"1":[0,0],"2":[0,0],"3":[0,0],"4":[0,0],"5":[0,0],"6":[0,0],"7":[0,0],"8":[0,0],"9":[0,0],"10":[0,0],"11":[0,0],"12":[0,0],"13":[0,0],"14":[1,1],"15":[2,1],"16":[0,2],"17":[2,0],"18":[0,2],"19":[2,0],"20":[0,2],"21":[2,0],"22":[2,0],"23":[2,2],"24":[0,0],"25":[0,0],"26":[0,0],"27":[0,0],"28":[0,0],"29":[0,0],"30":[0,0],"31":[0,0],"32":[0,0],"33":[0,0],"34":[0,0],"35":[0,0],"36":[0,0],"37":[0,0],"38":[0,0],"39":[0,0],"40":[0,0],"41":[0,0],"42":[0,0],"43":[0,0],"44":[0,0],"45":[0,0],"46":[0,0],"47":[0,0],"48":[0,0],"49":[0,0],"50":[0,1],"51":[1,0],"52":[0,1],"53":[1,0],"54":[0,1],"55":[1,0],"56":[0,1],"57":[1,0],"58":[2,0],"59":[2,2],"60":[1,1],"61":[2,0],"62":[2,2],"63":[1,0]},"meta":{"lastBranch":64,"lastFunction":23,"lastStatement":124,"seen":{"f:3:22:3:41":0,"s:4:4:21:Infinity":0,"f:24:22:24:37":1,"s:25:26:27:Infinity":1,"b:28:4:28:Infinity:undefined:undefined:undefined:undefined":0,"s:28:4:28:Infinity":2,"b:28:8:28:21:28:21:28:42":1,"s:28:42:28:Infinity":3,"b:29:4:29:Infinity:undefined:undefined:undefined:undefined":2,"s:29:4:29:Infinity":4,"b:29:8:29:17:29:17:29:34":3,"s:29:34:29:Infinity":5,"s:31:25:35:Infinity":6,"s:37:24:37:Infinity":7,"b:37:24:37:82:37:82:37:Infinity":4,"f:37:42:37:47":2,"s:37:47:37:69":8,"s:38:27:38:Infinity":9,"b:38:27:38:89:38:89:38:Infinity":5,"f:38:45:38:50":3,"s:38:50:38:76":10,"s:39:26:39:Infinity":11,"b:39:26:39:86:39:86:39:Infinity":6,"f:39:44:39:49":4,"s:39:49:39:73":12,"s:40:22:40:Infinity":13,"s:42:27:44:Infinity":14,"b:45:4:45:Infinity:undefined:undefined:undefined:undefined":7,"s:45:4:45:Infinity":15,"b:45:8:45:21:45:21:45:42":8,"s:45:42:45:Infinity":16,"b:46:4:46:Infinity:undefined:undefined:undefined:undefined":9,"s:46:4:46:Infinity":17,"b:46:8:46:17:46:17:46:34":10,"s:46:34:46:Infinity":18,"b:47:4:47:Infinity:undefined:undefined:undefined:undefined":11,"s:47:4:47:Infinity":19,"b:47:8:47:20:47:20:47:40":12,"s:47:40:47:Infinity":20,"s:50:26:53:Infinity":21,"s:55:30:57:Infinity":22,"s:59:4:66:Infinity":23,"b:64:19:64:48:64:48:64:Infinity":13,"f:69:22:69:39":5,"s:70:23:75:Infinity":24,"b:77:4:81:Infinity:79:11:81:Infinity":14,"s:77:4:81:Infinity":25,"b:77:8:77:18:77:18:77:36":15,"s:78:8:78:Infinity":26,"s:80:8:80:Infinity":27,"b:83:4:85:Infinity:undefined:undefined:undefined:undefined":16,"s:83:4:85:Infinity":28,"b:83:8:83:21:83:21:83:42":17,"s:84:8:84:Infinity":29,"b:87:4:89:Infinity:undefined:undefined:undefined:undefined":18,"s:87:4:89:Infinity":30,"b:87:8:87:17:87:17:87:34":19,"s:88:8:88:Infinity":31,"b:91:4:93:Infinity:undefined:undefined:undefined:undefined":20,"s:91:4:93:Infinity":32,"b:91:8:91:20:91:20:91:40":21,"s:92:8:92:Infinity":33,"s:95:18:99:Infinity":34,"s:101:46:101:Infinity":35,"s:102:4:106:Infinity":36,"f:102:18:102:26":6,"b:103:8:105:Infinity:undefined:undefined:undefined:undefined":22,"s:103:8:105:Infinity":37,"b:103:12:103:29:103:29:103:47":23,"s:104:12:104:Infinity":38,"s:108:4:108:Infinity":39,"f:111:22:111:35":7,"s:112:23:114:Infinity":40,"b:116:4:117:Infinity:117:9:117:Infinity":24,"s:116:4:117:Infinity":41,"b:116:8:116:18:116:18:116:36":25,"s:116:36:116:Infinity":42,"s:117:9:117:Infinity":43,"b:119:4:119:Infinity:undefined:undefined:undefined:undefined":26,"s:119:4:119:Infinity":44,"b:119:8:119:21:119:21:119:42":27,"s:119:42:119:Infinity":45,"b:120:4:120:Infinity:undefined:undefined:undefined:undefined":28,"s:120:4:120:Infinity":46,"b:120:8:120:17:120:17:120:34":29,"s:120:34:120:Infinity":47,"b:121:4:121:Infinity:undefined:undefined:undefined:undefined":30,"s:121:4:121:Infinity":48,"b:121:8:121:20:121:20:121:40":31,"s:121:40:121:Infinity":49,"s:123:18:127:Infinity":50,"s:129:61:129:Infinity":51,"s:130:26:130:Infinity":52,"s:132:4:139:Infinity":53,"f:132:18:132:26":8,"s:133:24:133:Infinity":54,"s:134:20:134:Infinity":55,"b:134:20:134:37:134:37:134:Infinity":32,"s:135:8:135:Infinity":56,"b:137:8:137:Infinity:undefined:undefined:undefined:undefined":33,"s:137:8:137:Infinity":57,"s:137:32:137:Infinity":58,"s:138:8:138:Infinity":59,"b:138:34:138:60:138:60:138:65":34,"s:141:23:141:Infinity":60,"s:142:17:145:Infinity":61,"f:142:46:142:47":9,"s:142:67:145:6":62,"s:147:4:147:Infinity":63,"f:150:22:150:40":10,"s:151:23:153:Infinity":64,"b:155:4:156:Infinity:156:9:156:Infinity":35,"s:155:4:156:Infinity":65,"b:155:8:155:18:155:18:155:36":36,"s:155:36:155:Infinity":66,"s:156:9:156:Infinity":67,"b:158:4:158:Infinity:undefined:undefined:undefined:undefined":37,"s:158:4:158:Infinity":68,"b:158:8:158:21:158:21:158:42":38,"s:158:42:158:Infinity":69,"b:159:4:159:Infinity:undefined:undefined:undefined:undefined":39,"s:159:4:159:Infinity":70,"b:159:8:159:17:159:17:159:34":40,"s:159:34:159:Infinity":71,"b:160:4:160:Infinity:undefined:undefined:undefined:undefined":41,"s:160:4:160:Infinity":72,"b:160:8:160:20:160:20:160:40":42,"s:160:40:160:Infinity":73,"s:162:18:166:Infinity":74,"s:168:45:168:Infinity":75,"s:169:4:172:Infinity":76,"f:169:18:169:26":11,"s:170:24:170:Infinity":77,"s:171:8:171:Infinity":78,"b:171:29:171:50:171:50:171:55":43,"s:174:4:177:Infinity":79,"f:174:40:174:41":12,"s:174:61:177:6":80,"f:180:22:180:42":13,"s:181:23:184:Infinity":81,"b:186:4:186:Infinity:undefined:undefined:undefined:undefined":44,"s:186:4:186:Infinity":82,"b:186:8:186:21:186:21:186:42":45,"s:186:42:186:Infinity":83,"b:187:4:187:Infinity:undefined:undefined:undefined:undefined":46,"s:187:4:187:Infinity":84,"b:187:8:187:17:187:17:187:34":47,"s:187:34:187:Infinity":85,"b:188:4:188:Infinity:undefined:undefined:undefined:undefined":48,"s:188:4:188:Infinity":86,"b:188:8:188:20:188:20:188:40":49,"s:188:40:188:Infinity":87,"s:190:4:197:Infinity":88,"f:200:22:200:45":14,"s:201:4:204:Infinity":89,"f:207:22:207:47":15,"s:208:23:211:Infinity":90,"s:212:4:212:Infinity":91,"f:212:26:212:31":16,"s:212:31:212:51":92,"f:215:22:215:47":17,"s:216:23:221:Infinity":93,"b:223:4:225:Infinity:undefined:undefined:undefined:undefined":50,"s:223:4:225:Infinity":94,"b:223:8:223:21:223:21:223:42":51,"s:224:8:224:Infinity":95,"b:227:4:229:Infinity:undefined:undefined:undefined:undefined":52,"s:227:4:229:Infinity":96,"b:227:8:227:17:227:17:227:34":53,"s:228:8:228:Infinity":97,"s:231:17:235:Infinity":98,"s:237:49:237:Infinity":99,"s:238:4:240:Infinity":100,"f:238:17:238:24":18,"s:239:8:239:Infinity":101,"s:242:4:242:Infinity":102,"f:245:22:245:41":19,"s:246:23:262:Infinity":103,"b:264:4:266:Infinity:undefined:undefined:undefined:undefined":54,"s:264:4:266:Infinity":104,"b:264:8:264:21:264:21:264:42":55,"s:265:8:265:Infinity":105,"b:268:4:270:Infinity:undefined:undefined:undefined:undefined":56,"s:268:4:270:Infinity":106,"b:268:8:268:17:268:17:268:34":57,"s:269:8:269:Infinity":107,"s:272:17:281:Infinity":108,"s:283:98:283:Infinity":109,"s:285:4:301:Infinity":110,"f:285:17:285:24":20,"s:286:31:286:Infinity":111,"f:286:52:286:57":21,"s:286:57:286:65":112,"b:287:8:300:Infinity:undefined:undefined:undefined:undefined":58,"s:287:8:300:Infinity":113,"b:287:12:287:30:287:30:287:51":59,"s:288:27:288:Infinity":114,"s:289:29:289:Infinity":115,"b:291:12:293:Infinity:undefined:undefined:undefined:undefined":60,"s:291:12:293:Infinity":116,"s:292:16:292:Infinity":117,"b:295:12:299:Infinity:undefined:undefined:undefined:undefined":61,"s:295:12:299:Infinity":118,"b:295:16:295:33:295:33:295:52":62,"s:296:22:296:Infinity":119,"s:297:16:297:Infinity":120,"s:298:16:298:Infinity":121,"s:303:4:307:Infinity":122,"f:303:40:303:49":22,"s:303:49:307:6":123,"b:306:55:306:89:306:89:306:Infinity":63}}}
}
